#
# There is insufficient memory for the Java Runtime Environment to continue.
# Native memory allocation (malloc) failed to allocate 1092128 bytes for Chunk::new
# Possible reasons:
#   The system is out of physical RAM or swap space
#   The process is running with CompressedOops enabled, and the Java Heap may be blocking the growth of the native heap
# Possible solutions:
#   Reduce memory load on the system
#   Increase physical memory or swap space
#   Check if swap backing store is full
#   Decrease Java heap size (-Xmx/-Xms)
#   Decrease number of Java threads
#   Decrease Java thread stack sizes (-Xss)
#   Set larger code cache with -XX:ReservedCodeCacheSize=
#   JVM is running with Unscaled Compressed Oops mode in which the Java heap is
#     placed in the first 4GB address space. The Java Heap base address is the
#     maximum limit for the native heap growth. Please use -XX:HeapBaseMinAddress
#     to set the Java Heap base and to place the Java Heap above 4GB virtual address.
# This output file may be truncated or incomplete.
#
#  Out of Memory Error (allocation.cpp:389), pid=16192, tid=0x00000000000031f4
#
# JRE version: OpenJDK Runtime Environment (8.0_242-b01) (build 1.8.0_242-release-1644-b01)
# Java VM: OpenJDK 64-Bit Server VM (25.242-b01 mixed mode windows-amd64 compressed oops)
# Failed to write core dump. Minidumps are not enabled by default on client versions of Windows
#

---------------  T H R E A D  ---------------

Current thread (0x0000000017d75000):  JavaThread "C2 CompilerThread1" daemon [_thread_in_native, id=12788, stack(0x00000000194b0000,0x00000000195b0000)]

Stack: [0x00000000194b0000,0x00000000195b0000]
[error occurred during error reporting (printing stack bounds), id 0xc0000005]

Native frames: (J=compiled Java code, j=interpreted, Vv=VM code, C=native code)


Current CompileTask:
C2:  13023 4639   !   4       com.sun.beans.TypeResolver::resolve (274 bytes)


---------------  P R O C E S S  ---------------

Java Threads: ( => current thread )
  0x000000001ae30000 JavaThread "Cache worker for Build Output Cleanup Cache (C:\Users\azrie\AndroidStudioProjects\SneakersAuction\.gradle\buildOutputCleanup)" [_thread_blocked, id=5204, stack(0x00000000288e0000,0x00000000289e0000)]
  0x000000001afd6800 JavaThread "jar transforms Thread 92" [_thread_blocked, id=3956, stack(0x00000000285e0000,0x00000000286e0000)]
  0x000000001afd5800 JavaThread "jar transforms Thread 91" [_thread_blocked, id=17716, stack(0x00000000284e0000,0x00000000285e0000)]
  0x000000001afd5000 JavaThread "jar transforms Thread 90" [_thread_blocked, id=11676, stack(0x00000000283e0000,0x00000000284e0000)]
  0x000000001afd4000 JavaThread "jar transforms Thread 89" [_thread_blocked, id=17048, stack(0x00000000282e0000,0x00000000283e0000)]
  0x000000001afd3800 JavaThread "jar transforms Thread 88" [_thread_blocked, id=4132, stack(0x00000000281e0000,0x00000000282e0000)]
  0x000000001afd2800 JavaThread "jar transforms Thread 87" [_thread_blocked, id=16928, stack(0x00000000280e0000,0x00000000281e0000)]
  0x000000001afd2000 JavaThread "jar transforms Thread 86" [_thread_blocked, id=18172, stack(0x0000000027fe0000,0x00000000280e0000)]
  0x000000001afd8000 JavaThread "jar transforms Thread 85" [_thread_blocked, id=15948, stack(0x0000000027ee0000,0x0000000027fe0000)]
  0x000000001afca800 JavaThread "jar transforms Thread 84" [_thread_blocked, id=9504, stack(0x0000000027de0000,0x0000000027ee0000)]
  0x000000001afd1000 JavaThread "jar transforms Thread 83" [_thread_blocked, id=1700, stack(0x0000000027ce0000,0x0000000027de0000)]
  0x000000001afd0800 JavaThread "jar transforms Thread 82" [_thread_blocked, id=7952, stack(0x0000000027be0000,0x0000000027ce0000)]
  0x000000001afcf800 JavaThread "jar transforms Thread 81" [_thread_blocked, id=1124, stack(0x0000000027ae0000,0x0000000027be0000)]
  0x000000001afc9800 JavaThread "jar transforms Thread 80" [_thread_blocked, id=3404, stack(0x00000000279e0000,0x0000000027ae0000)]
  0x000000001afcc000 JavaThread "jar transforms Thread 79" [_thread_blocked, id=5232, stack(0x00000000278e0000,0x00000000279e0000)]
  0x000000001afcf000 JavaThread "jar transforms Thread 78" [_thread_blocked, id=18160, stack(0x00000000277e0000,0x00000000278e0000)]
  0x000000001afce000 JavaThread "jar transforms Thread 77" [_thread_blocked, id=2364, stack(0x00000000276e0000,0x00000000277e0000)]
  0x000000001afcb000 JavaThread "jar transforms Thread 76" [_thread_blocked, id=10288, stack(0x00000000275e0000,0x00000000276e0000)]
  0x000000001afc9000 JavaThread "jar transforms Thread 75" [_thread_blocked, id=5096, stack(0x00000000274e0000,0x00000000275e0000)]
  0x000000001afcc800 JavaThread "jar transforms Thread 74" [_thread_blocked, id=3292, stack(0x00000000273e0000,0x00000000274e0000)]
  0x000000001afcd800 JavaThread "jar transforms Thread 73" [_thread_blocked, id=10920, stack(0x00000000272e0000,0x00000000273e0000)]
  0x000000001e444800 JavaThread "jar transforms Thread 72" [_thread_blocked, id=17616, stack(0x00000000271e0000,0x00000000272e0000)]
  0x000000001e442000 JavaThread "jar transforms Thread 71" [_thread_blocked, id=5852, stack(0x00000000270e0000,0x00000000271e0000)]
  0x000000001e443800 JavaThread "jar transforms Thread 70" [_thread_blocked, id=9752, stack(0x0000000026fe0000,0x00000000270e0000)]
  0x000000001e443000 JavaThread "jar transforms Thread 69" [_thread_blocked, id=7976, stack(0x0000000026ee0000,0x0000000026fe0000)]
  0x000000001e43f000 JavaThread "jar transforms Thread 68" [_thread_blocked, id=16304, stack(0x0000000026de0000,0x0000000026ee0000)]
  0x000000001e440800 JavaThread "jar transforms Thread 67" [_thread_blocked, id=15224, stack(0x0000000026ce0000,0x0000000026de0000)]
  0x000000001e440000 JavaThread "jar transforms Thread 66" [_thread_blocked, id=11228, stack(0x0000000026be0000,0x0000000026ce0000)]
  0x000000001e441800 JavaThread "jar transforms Thread 65" [_thread_blocked, id=13236, stack(0x0000000026ae0000,0x0000000026be0000)]
  0x000000001e43e800 JavaThread "jar transforms Thread 64" [_thread_blocked, id=16308, stack(0x00000000269e0000,0x0000000026ae0000)]
  0x000000001e437000 JavaThread "jar transforms Thread 63" [_thread_blocked, id=2924, stack(0x00000000268e0000,0x00000000269e0000)]
  0x000000001e43d800 JavaThread "jar transforms Thread 62" [_thread_blocked, id=16164, stack(0x00000000267e0000,0x00000000268e0000)]
  0x000000001e43d000 JavaThread "jar transforms Thread 61" [_thread_blocked, id=2832, stack(0x00000000266e0000,0x00000000267e0000)]
  0x000000001e43a000 JavaThread "jar transforms Thread 60" [_thread_blocked, id=9552, stack(0x00000000265e0000,0x00000000266e0000)]
  0x000000001e43b800 JavaThread "jar transforms Thread 59" [_thread_blocked, id=11396, stack(0x00000000264e0000,0x00000000265e0000)]
  0x000000001e436000 JavaThread "jar transforms Thread 58" [_thread_blocked, id=17812, stack(0x00000000263e0000,0x00000000264e0000)]
  0x000000001e43a800 JavaThread "jar transforms Thread 57" [_thread_blocked, id=6624, stack(0x00000000262e0000,0x00000000263e0000)]
  0x000000001e439000 JavaThread "jar transforms Thread 56" [_thread_blocked, id=11684, stack(0x00000000261e0000,0x00000000262e0000)]
  0x000000001e437800 JavaThread "jar transforms Thread 55" [_thread_blocked, id=4416, stack(0x00000000260e0000,0x00000000261e0000)]
  0x000000001e43c000 JavaThread "jar transforms Thread 54" [_thread_blocked, id=7480, stack(0x0000000025fe0000,0x00000000260e0000)]
  0x000000001e435800 JavaThread "jar transforms Thread 53" [_thread_blocked, id=15896, stack(0x0000000025ee0000,0x0000000025fe0000)]
  0x000000001e438800 JavaThread "jar transforms Thread 52" [_thread_blocked, id=3340, stack(0x0000000025de0000,0x0000000025ee0000)]
  0x000000001f802800 JavaThread "jar transforms Thread 51" [_thread_blocked, id=4340, stack(0x0000000025ce0000,0x0000000025de0000)]
  0x000000001f802000 JavaThread "jar transforms Thread 50" [_thread_blocked, id=17568, stack(0x0000000025be0000,0x0000000025ce0000)]
  0x000000001f801000 JavaThread "jar transforms Thread 49" [_thread_blocked, id=18236, stack(0x0000000025ae0000,0x0000000025be0000)]
  0x000000001f800800 JavaThread "jar transforms Thread 48" [_thread_blocked, id=5084, stack(0x00000000259e0000,0x0000000025ae0000)]
  0x000000001f7ff000 JavaThread "jar transforms Thread 47" [_thread_blocked, id=18196, stack(0x00000000258e0000,0x00000000259e0000)]
  0x000000001f7fd800 JavaThread "jar transforms Thread 46" [_thread_blocked, id=15212, stack(0x00000000257e0000,0x00000000258e0000)]
  0x000000001f7fc800 JavaThread "jar transforms Thread 45" [_thread_blocked, id=15772, stack(0x00000000256e0000,0x00000000257e0000)]
  0x000000001f7fe000 JavaThread "jar transforms Thread 44" [_thread_blocked, id=3748, stack(0x00000000255e0000,0x00000000256e0000)]
  0x000000001f7ff800 JavaThread "jar transforms Thread 43" [_thread_blocked, id=4476, stack(0x00000000254e0000,0x00000000255e0000)]
  0x000000001f7f5000 JavaThread "jar transforms Thread 42" [_thread_blocked, id=17976, stack(0x00000000253e0000,0x00000000254e0000)]
  0x000000001f7fc000 JavaThread "jar transforms Thread 41" [_thread_blocked, id=8760, stack(0x00000000252e0000,0x00000000253e0000)]
  0x000000001f7f6000 JavaThread "jar transforms Thread 40" [_thread_blocked, id=9372, stack(0x00000000251e0000,0x00000000252e0000)]
  0x000000001f7f4800 JavaThread "jar transforms Thread 39" [_thread_blocked, id=11568, stack(0x00000000250e0000,0x00000000251e0000)]
  0x000000001f7f9800 JavaThread "jar transforms Thread 38" [_thread_blocked, id=14404, stack(0x0000000024fe0000,0x00000000250e0000)]
  0x000000001f7fb000 JavaThread "jar transforms Thread 37" [_thread_blocked, id=16472, stack(0x0000000024ee0000,0x0000000024fe0000)]
  0x000000001f7f3800 JavaThread "jar transforms Thread 36" [_thread_blocked, id=18056, stack(0x0000000024de0000,0x0000000024ee0000)]
  0x000000001f7f8000 JavaThread "jar transforms Thread 35" [_thread_blocked, id=17404, stack(0x0000000024ce0000,0x0000000024de0000)]
  0x000000001f7f6800 JavaThread "jar transforms Thread 34" [_thread_blocked, id=16556, stack(0x0000000024be0000,0x0000000024ce0000)]
  0x000000001f7f9000 JavaThread "jar transforms Thread 33" [_thread_blocked, id=18152, stack(0x0000000024ae0000,0x0000000024be0000)]
  0x000000001f7fa800 JavaThread "jar transforms Thread 32" [_thread_blocked, id=5492, stack(0x00000000249e0000,0x0000000024ae0000)]
  0x000000001f7f7800 JavaThread "jar transforms Thread 31" [_thread_blocked, id=17488, stack(0x00000000248e0000,0x00000000249e0000)]
  0x000000001e3e4000 JavaThread "jar transforms Thread 30" [_thread_blocked, id=5760, stack(0x00000000247e0000,0x00000000248e0000)]
  0x000000001e3e8800 JavaThread "jar transforms Thread 29" [_thread_blocked, id=16076, stack(0x00000000246e0000,0x00000000247e0000)]
  0x000000001e3e8000 JavaThread "jar transforms Thread 28" [_thread_blocked, id=3344, stack(0x00000000245e0000,0x00000000246e0000)]
  0x000000001e3e6800 JavaThread "jar transforms Thread 27" [_thread_blocked, id=18340, stack(0x00000000244e0000,0x00000000245e0000)]
  0x000000001e3e3800 JavaThread "jar transforms Thread 26" [_thread_blocked, id=4584, stack(0x00000000243e0000,0x00000000244e0000)]
  0x000000001e3e9800 JavaThread "jar transforms Thread 25" [_thread_blocked, id=6800, stack(0x00000000242e0000,0x00000000243e0000)]
  0x000000001e3e7000 JavaThread "jar transforms Thread 24" [_thread_blocked, id=8108, stack(0x00000000241e0000,0x00000000242e0000)]
  0x000000001e3e2800 JavaThread "jar transforms Thread 23" [_thread_blocked, id=6700, stack(0x00000000240e0000,0x00000000241e0000)]
  0x000000001e3e5800 JavaThread "jar transforms Thread 22" [_thread_blocked, id=3264, stack(0x0000000023fe0000,0x00000000240e0000)]
  0x000000001e3e5000 JavaThread "jar transforms Thread 21" [_thread_blocked, id=16796, stack(0x0000000023ee0000,0x0000000023fe0000)]
  0x000000001e3db000 JavaThread "jar transforms Thread 20" [_thread_blocked, id=10968, stack(0x0000000023de0000,0x0000000023ee0000)]
  0x000000001e3e1000 JavaThread "jar transforms Thread 19" [_thread_blocked, id=12756, stack(0x0000000023ce0000,0x0000000023de0000)]
  0x000000001e3e2000 JavaThread "jar transforms Thread 18" [_thread_blocked, id=11600, stack(0x0000000023be0000,0x0000000023ce0000)]
  0x000000001e3df800 JavaThread "jar transforms Thread 17" [_thread_blocked, id=252, stack(0x0000000023ae0000,0x0000000023be0000)]
  0x000000001e3de000 JavaThread "jar transforms Thread 16" [_thread_blocked, id=9188, stack(0x00000000239e0000,0x0000000023ae0000)]
  0x000000001e3e0800 JavaThread "jar transforms Thread 15" [_thread_blocked, id=13704, stack(0x00000000238e0000,0x00000000239e0000)]
  0x000000001e3dc000 JavaThread "jar transforms Thread 14" [_thread_blocked, id=16800, stack(0x00000000237e0000,0x00000000238e0000)]
  0x000000001e3da800 JavaThread "jar transforms Thread 13" [_thread_blocked, id=16884, stack(0x00000000236e0000,0x00000000237e0000)]
  0x000000001e3dc800 JavaThread "jar transforms Thread 12" [_thread_blocked, id=8712, stack(0x00000000235e0000,0x00000000236e0000)]
  0x000000001e3dd800 JavaThread "jar transforms Thread 11" [_thread_blocked, id=7832, stack(0x00000000234e0000,0x00000000235e0000)]
  0x000000001e3df000 JavaThread "jar transforms Thread 10" [_thread_blocked, id=8560, stack(0x00000000232e0000,0x00000000233e0000)]
  0x000000001a001800 JavaThread "jar transforms Thread 9" [_thread_blocked, id=8428, stack(0x00000000231e0000,0x00000000232e0000)]
  0x000000001a000800 JavaThread "jar transforms Thread 8" [_thread_blocked, id=15892, stack(0x00000000230e0000,0x00000000231e0000)]
  0x000000001a000000 JavaThread "jar transforms Thread 7" [_thread_blocked, id=4232, stack(0x0000000022fe0000,0x00000000230e0000)]
  0x0000000019fff000 JavaThread "jar transforms Thread 6" [_thread_blocked, id=8992, stack(0x0000000022ee0000,0x0000000022fe0000)]
  0x0000000019ffd800 JavaThread "jar transforms Thread 5" [_thread_blocked, id=3700, stack(0x0000000022de0000,0x0000000022ee0000)]
  0x0000000019ffe800 JavaThread "jar transforms Thread 4" [_thread_blocked, id=2068, stack(0x0000000022ce0000,0x0000000022de0000)]
  0x0000000019ff6000 JavaThread "jar transforms Thread 3" [_thread_blocked, id=9816, stack(0x0000000022be0000,0x0000000022ce0000)]
  0x0000000019ff9000 JavaThread "jar transforms Thread 2" [_thread_blocked, id=9696, stack(0x0000000022ae0000,0x0000000022be0000)]
  0x0000000019ffd000 JavaThread "Build operations Thread 4" [_thread_blocked, id=1328, stack(0x00000000229e0000,0x0000000022ae0000)]
  0x0000000019ffc000 JavaThread "Build operations Thread 3" [_thread_blocked, id=12716, stack(0x00000000228e0000,0x00000000229e0000)]
  0x0000000019ffb800 JavaThread "Build operations Thread 2" [_thread_blocked, id=17496, stack(0x00000000227e0000,0x00000000228e0000)]
  0x0000000019ff8800 JavaThread "Build operations" [_thread_blocked, id=13788, stack(0x00000000226e0000,0x00000000227e0000)]
  0x0000000019ffa800 JavaThread "Cache worker for file content cache (C:\Users\azrie\.gradle\caches\6.5\fileContent)" [_thread_blocked, id=6492, stack(0x0000000021fe0000,0x00000000220e0000)]
  0x0000000019ff2800 JavaThread "jar transforms" [_thread_blocked, id=7088, stack(0x0000000021ee0000,0x0000000021fe0000)]
  0x0000000019ff4800 JavaThread "Cache worker for execution history cache (C:\Users\azrie\.gradle\caches\6.5\executionHistory)" [_thread_blocked, id=12472, stack(0x00000000217e0000,0x00000000218e0000)]
  0x0000000019ff3000 JavaThread "Cache worker for cache directory md-rule (C:\Users\azrie\.gradle\caches\6.5\md-rule)" [_thread_blocked, id=3372, stack(0x00000000216e0000,0x00000000217e0000)]
  0x000000001b9f2800 JavaThread "Cache worker for cache directory md-supplier (C:\Users\azrie\.gradle\caches\6.5\md-supplier)" [_thread_blocked, id=16968, stack(0x00000000215e0000,0x00000000216e0000)]
  0x000000001b9f1800 JavaThread "Cache worker for checksums cache (C:\Users\azrie\AndroidStudioProjects\SneakersAuction\.gradle\checksums)" [_thread_blocked, id=16604, stack(0x0000000020270000,0x0000000020370000)]
  0x000000001b9f3000 JavaThread "Cache worker for file hash cache (C:\Users\azrie\AndroidStudioProjects\SneakersAuction\.gradle\6.5\fileHashes)" [_thread_blocked, id=18244, stack(0x000000001ff70000,0x0000000020070000)]
  0x000000001b9f1000 JavaThread "Cache worker for file hash cache (C:\Users\azrie\.gradle\caches\6.5\fileHashes)" [_thread_blocked, id=8536, stack(0x000000001dcd0000,0x000000001ddd0000)]
  0x000000001b9f0000 JavaThread "File lock request listener" [_thread_in_native, id=11732, stack(0x000000001dbd0000,0x000000001dcd0000)]
  0x000000001bcef800 JavaThread "Cache worker for journal cache (C:\Users\azrie\.gradle\caches\journal-1)" [_thread_blocked, id=9588, stack(0x000000001dad0000,0x000000001dbd0000)]
  0x0000000019dba800 JavaThread "Thread-9" [_thread_blocked, id=11220, stack(0x000000001d7d0000,0x000000001d8d0000)]
  0x0000000019da1000 JavaThread "Stdin handler" [_thread_blocked, id=5636, stack(0x000000001d6d0000,0x000000001d7d0000)]
  0x000000001b959800 JavaThread "Asynchronous log dispatcher for DefaultDaemonConnection: socket connection from /127.0.0.1:50996 to /127.0.0.1:50997" [_thread_blocked, id=6420, stack(0x000000001d5d0000,0x000000001d6d0000)]
  0x000000001ba0e000 JavaThread "Daemon worker" [_thread_in_vm, id=1508, stack(0x000000001d4d0000,0x000000001d5d0000)]
  0x000000001ba0d800 JavaThread "Cancel handler" [_thread_blocked, id=12552, stack(0x000000001d3d0000,0x000000001d4d0000)]
  0x000000001b9d7800 JavaThread "Handler for socket connection from /127.0.0.1:50996 to /127.0.0.1:50997" [_thread_in_native, id=17500, stack(0x000000001d2d0000,0x000000001d3d0000)]
  0x000000001b9d4800 JavaThread "Daemon periodic checks" [_thread_blocked, id=8976, stack(0x000000001d1d0000,0x000000001d2d0000)]
  0x000000001b9bb000 JavaThread "Daemon" [_thread_blocked, id=15308, stack(0x000000001d0d0000,0x000000001d1d0000)]
  0x000000001b932000 JavaThread "Incoming local TCP Connector on port 50996" [_thread_in_native, id=9728, stack(0x000000001cc90000,0x000000001cd90000)]
  0x000000001b89b800 JavaThread "Daemon health stats" [_thread_blocked, id=18408, stack(0x000000001c650000,0x000000001c750000)]
  0x00000000196b0800 JavaThread "Service Thread" daemon [_thread_blocked, id=7056, stack(0x0000000019ab0000,0x0000000019bb0000)]
  0x0000000017d7a800 JavaThread "C1 CompilerThread2" daemon [_thread_blocked, id=14368, stack(0x00000000195b0000,0x00000000196b0000)]
=>0x0000000017d75000 JavaThread "C2 CompilerThread1" daemon [_thread_in_native, id=12788, stack(0x00000000194b0000,0x00000000195b0000)]
  0x0000000017d62800 JavaThread "C2 CompilerThread0" daemon [_thread_in_native, id=5808, stack(0x00000000193b0000,0x00000000194b0000)]
  0x0000000017d61000 JavaThread "Attach Listener" daemon [_thread_blocked, id=11924, stack(0x00000000192b0000,0x00000000193b0000)]
  0x0000000017d65800 JavaThread "Signal Dispatcher" daemon [_thread_blocked, id=17332, stack(0x00000000191b0000,0x00000000192b0000)]
  0x000000000308c000 JavaThread "Finalizer" daemon [_thread_blocked, id=16708, stack(0x0000000018fb0000,0x00000000190b0000)]
  0x0000000017d49000 JavaThread "Reference Handler" daemon [_thread_blocked, id=1144, stack(0x0000000018eb0000,0x0000000018fb0000)]
  0x000000000313d800 JavaThread "main" [_thread_blocked, id=9840, stack(0x0000000002e70000,0x0000000002f70000)]

Other Threads:
  0x0000000017d26000 VMThread [stack: 0x0000000018db0000,0x0000000018eb0000] [id=1928]
  0x00000000196f1800 WatcherThread [stack: 0x0000000019bb0000,0x0000000019cb0000] [id=9968]

VM state:not at safepoint (normal execution)

VM Mutex/Monitor currently owned by a thread: None

heap address: 0x0000000080000000, size: 2048 MB, Compressed Oops mode: 32-bit
Narrow klass base: 0x0000000000000000, Narrow klass shift: 3
Compressed class space size: 1073741824 Address: 0x0000000100000000

Heap:
 PSYoungGen      total 111104K, used 64493K [0x00000000d5580000, 0x00000000dce80000, 0x0000000100000000)
  eden space 100352K, 53% used [0x00000000d5580000,0x00000000d8a00488,0x00000000db780000)
  from space 10752K, 99% used [0x00000000dc400000,0x00000000dce7b2f0,0x00000000dce80000)
  to   space 11776K, 0% used [0x00000000db780000,0x00000000db780000,0x00000000dc300000)
 ParOldGen       total 68096K, used 21386K [0x0000000080000000, 0x0000000084280000, 0x00000000d5580000)
  object space 68096K, 31% used [0x0000000080000000,0x00000000814e2a28,0x0000000084280000)
 Metaspace       used 51656K, capacity 53594K, committed 53672K, reserved 1095680K
  class space    used 6909K, capacity 7307K, committed 7344K, reserved 1048576K

Card table byte_map: [0x0000000012500000,0x0000000012910000] byte_map_base: 0x0000000012100000

Marking Bits: (ParMarkBitMap*) 0x0000000077b2f030
 Begin Bits: [0x0000000012fc0000, 0x0000000014fc0000)
 End Bits:   [0x0000000014fc0000, 0x0000000016fc0000)

Polling page: 0x0000000001670000

CodeCache: size=245760Kb used=14487Kb max_used=14487Kb free=231272Kb
 bounds [0x0000000003140000, 0x0000000003f80000, 0x0000000012140000]
 total_blobs=5008 nmethods=4246 adapters=674
 compilation: enabled

Compilation events (10 events):
Event: 12.993 Thread 0x0000000017d7a800 4696       1       com.android.build.gradle.internal.publishing.OutputSpecImpl::getOutputType (5 bytes)
Event: 12.993 Thread 0x0000000017d7a800 nmethod 4696 0x0000000003f70350 code [0x0000000003f704a0, 0x0000000003f705b0]
Event: 12.995 Thread 0x0000000017d7a800 4697       1       com.android.build.gradle.internal.publishing.OutputSpecImpl::getArtifactType (5 bytes)
Event: 12.995 Thread 0x0000000017d7a800 nmethod 4697 0x0000000003f70610 code [0x0000000003f70760, 0x0000000003f70870]
Event: 12.995 Thread 0x0000000017d7a800 4698       1       com.android.build.gradle.internal.publishing.OutputSpecImpl::getPublishedConfigTypes (5 bytes)
Event: 12.995 Thread 0x0000000017d7a800 nmethod 4698 0x0000000003f708d0 code [0x0000000003f70a20, 0x0000000003f70b30]
Event: 12.995 Thread 0x0000000017d7a800 4699       3       com.google.common.collect.RegularImmutableMap::checkNoConflictInKeyBucket (42 bytes)
Event: 12.996 Thread 0x0000000017d7a800 nmethod 4699 0x0000000003f70b90 code [0x0000000003f70d40, 0x0000000003f712c8]
Event: 13.009 Thread 0x0000000017d7a800 4700       3       java.lang.reflect.Constructor::hasGenericInformation (13 bytes)
Event: 13.009 Thread 0x0000000017d7a800 nmethod 4700 0x0000000003f714d0 code [0x0000000003f71620, 0x0000000003f71870]

GC Heap History (10 events):
Event: 8.108 GC heap before
{Heap before GC invocations=10 (full 1):
 PSYoungGen      total 75776K, used 74052K [0x00000000d5580000, 0x00000000de680000, 0x0000000100000000)
  eden space 65536K, 100% used [0x00000000d5580000,0x00000000d9580000,0x00000000d9580000)
  from space 10240K, 83% used [0x00000000da080000,0x00000000da8d1228,0x00000000daa80000)
  to   space 11264K, 0% used [0x00000000d9580000,0x00000000d9580000,0x00000000da080000)
 ParOldGen       total 46592K, used 6637K [0x0000000080000000, 0x0000000082d80000, 0x00000000d5580000)
  object space 46592K, 14% used [0x0000000080000000,0x000000008067b598,0x0000000082d80000)
 Metaspace       used 33011K, capacity 34156K, committed 34352K, reserved 1079296K
  class space    used 4516K, capacity 4789K, committed 4912K, reserved 1048576K
Event: 8.137 GC heap after
Heap after GC invocations=10 (full 1):
 PSYoungGen      total 76800K, used 9233K [0x00000000d5580000, 0x00000000dd000000, 0x0000000100000000)
  eden space 65536K, 0% used [0x00000000d5580000,0x00000000d5580000,0x00000000d9580000)
  from space 11264K, 81% used [0x00000000d9580000,0x00000000d9e84630,0x00000000da080000)
  to   space 12288K, 0% used [0x00000000dc400000,0x00000000dc400000,0x00000000dd000000)
 ParOldGen       total 46592K, used 6645K [0x0000000080000000, 0x0000000082d80000, 0x00000000d5580000)
  object space 46592K, 14% used [0x0000000080000000,0x000000008067d598,0x0000000082d80000)
 Metaspace       used 33011K, capacity 34156K, committed 34352K, reserved 1079296K
  class space    used 4516K, capacity 4789K, committed 4912K, reserved 1048576K
}
Event: 8.609 GC heap before
{Heap before GC invocations=11 (full 1):
 PSYoungGen      total 76800K, used 35024K [0x00000000d5580000, 0x00000000dd000000, 0x0000000100000000)
  eden space 65536K, 39% used [0x00000000d5580000,0x00000000d6eafcf8,0x00000000d9580000)
  from space 11264K, 81% used [0x00000000d9580000,0x00000000d9e84630,0x00000000da080000)
  to   space 12288K, 0% used [0x00000000dc400000,0x00000000dc400000,0x00000000dd000000)
 ParOldGen       total 46592K, used 6645K [0x0000000080000000, 0x0000000082d80000, 0x00000000d5580000)
  object space 46592K, 14% used [0x0000000080000000,0x000000008067d598,0x0000000082d80000)
 Metaspace       used 34222K, capacity 35396K, committed 35496K, reserved 1079296K
  class space    used 4712K, capacity 5001K, committed 5040K, reserved 1048576K
Event: 8.629 GC heap after
Heap after GC invocations=11 (full 1):
 PSYoungGen      total 111104K, used 4512K [0x00000000d5580000, 0x00000000dce80000, 0x0000000100000000)
  eden space 100352K, 0% used [0x00000000d5580000,0x00000000d5580000,0x00000000db780000)
  from space 10752K, 41% used [0x00000000dc400000,0x00000000dc8681e0,0x00000000dce80000)
  to   space 11776K, 0% used [0x00000000db780000,0x00000000db780000,0x00000000dc300000)
 ParOldGen       total 46592K, used 9927K [0x0000000080000000, 0x0000000082d80000, 0x00000000d5580000)
  object space 46592K, 21% used [0x0000000080000000,0x00000000809b1fd8,0x0000000082d80000)
 Metaspace       used 34222K, capacity 35396K, committed 35496K, reserved 1079296K
  class space    used 4712K, capacity 5001K, committed 5040K, reserved 1048576K
}
Event: 8.629 GC heap before
{Heap before GC invocations=12 (full 2):
 PSYoungGen      total 111104K, used 4512K [0x00000000d5580000, 0x00000000dce80000, 0x0000000100000000)
  eden space 100352K, 0% used [0x00000000d5580000,0x00000000d5580000,0x00000000db780000)
  from space 10752K, 41% used [0x00000000dc400000,0x00000000dc8681e0,0x00000000dce80000)
  to   space 11776K, 0% used [0x00000000db780000,0x00000000db780000,0x00000000dc300000)
 ParOldGen       total 46592K, used 9927K [0x0000000080000000, 0x0000000082d80000, 0x00000000d5580000)
  object space 46592K, 21% used [0x0000000080000000,0x00000000809b1fd8,0x0000000082d80000)
 Metaspace       used 34222K, capacity 35396K, committed 35496K, reserved 1079296K
  class space    used 4712K, capacity 5001K, committed 5040K, reserved 1048576K
Event: 8.845 GC heap after
Heap after GC invocations=12 (full 2):
 PSYoungGen      total 111104K, used 0K [0x00000000d5580000, 0x00000000dce80000, 0x0000000100000000)
  eden space 100352K, 0% used [0x00000000d5580000,0x00000000d5580000,0x00000000db780000)
  from space 10752K, 0% used [0x00000000dc400000,0x00000000dc400000,0x00000000dce80000)
  to   space 11776K, 0% used [0x00000000db780000,0x00000000db780000,0x00000000dc300000)
 ParOldGen       total 68096K, used 14204K [0x0000000080000000, 0x0000000084280000, 0x00000000d5580000)
  object space 68096K, 20% used [0x0000000080000000,0x0000000080ddf110,0x0000000084280000)
 Metaspace       used 34222K, capacity 35396K, committed 35496K, reserved 1079296K
  class space    used 4712K, capacity 5001K, committed 5040K, reserved 1048576K
}
Event: 10.164 GC heap before
{Heap before GC invocations=13 (full 2):
 PSYoungGen      total 111104K, used 100352K [0x00000000d5580000, 0x00000000dce80000, 0x0000000100000000)
  eden space 100352K, 100% used [0x00000000d5580000,0x00000000db780000,0x00000000db780000)
  from space 10752K, 0% used [0x00000000dc400000,0x00000000dc400000,0x00000000dce80000)
  to   space 11776K, 0% used [0x00000000db780000,0x00000000db780000,0x00000000dc300000)
 ParOldGen       total 68096K, used 14204K [0x0000000080000000, 0x0000000084280000, 0x00000000d5580000)
  object space 68096K, 20% used [0x0000000080000000,0x0000000080ddf110,0x0000000084280000)
 Metaspace       used 37084K, capacity 38650K, committed 38824K, reserved 1083392K
  class space    used 5106K, capacity 5433K, committed 5552K, reserved 1048576K
Event: 10.175 GC heap after
Heap after GC invocations=13 (full 2):
 PSYoungGen      total 112128K, used 6859K [0x00000000d5580000, 0x00000000dce80000, 0x0000000100000000)
  eden space 100352K, 0% used [0x00000000d5580000,0x00000000d5580000,0x00000000db780000)
  from space 11776K, 58% used [0x00000000db780000,0x00000000dbe32e68,0x00000000dc300000)
  to   space 10752K, 0% used [0x00000000dc400000,0x00000000dc400000,0x00000000dce80000)
 ParOldGen       total 68096K, used 14212K [0x0000000080000000, 0x0000000084280000, 0x00000000d5580000)
  object space 68096K, 20% used [0x0000000080000000,0x0000000080de1110,0x0000000084280000)
 Metaspace       used 37084K, capacity 38650K, committed 38824K, reserved 1083392K
  class space    used 5106K, capacity 5433K, committed 5552K, reserved 1048576K
}
Event: 12.146 GC heap before
{Heap before GC invocations=14 (full 2):
 PSYoungGen      total 112128K, used 107211K [0x00000000d5580000, 0x00000000dce80000, 0x0000000100000000)
  eden space 100352K, 100% used [0x00000000d5580000,0x00000000db780000,0x00000000db780000)
  from space 11776K, 58% used [0x00000000db780000,0x00000000dbe32e68,0x00000000dc300000)
  to   space 10752K, 0% used [0x00000000dc400000,0x00000000dc400000,0x00000000dce80000)
 ParOldGen       total 68096K, used 14212K [0x0000000080000000, 0x0000000084280000, 0x00000000d5580000)
  object space 68096K, 20% used [0x0000000080000000,0x0000000080de1110,0x0000000084280000)
 Metaspace       used 47708K, capacity 49490K, committed 49576K, reserved 1091584K
  class space    used 6436K, capacity 6783K, committed 6832K, reserved 1048576K
Event: 12.167 GC heap after
Heap after GC invocations=14 (full 2):
 PSYoungGen      total 111104K, used 10732K [0x00000000d5580000, 0x00000000dce80000, 0x0000000100000000)
  eden space 100352K, 0% used [0x00000000d5580000,0x00000000d5580000,0x00000000db780000)
  from space 10752K, 99% used [0x00000000dc400000,0x00000000dce7b2f0,0x00000000dce80000)
  to   space 11776K, 0% used [0x00000000db780000,0x00000000db780000,0x00000000dc300000)
 ParOldGen       total 68096K, used 21386K [0x0000000080000000, 0x0000000084280000, 0x00000000d5580000)
  object space 68096K, 31% used [0x0000000080000000,0x00000000814e2a28,0x0000000084280000)
 Metaspace       used 47708K, capacity 49490K, committed 49576K, reserved 1091584K
  class space    used 6436K, capacity 6783K, committed 6832K, reserved 1048576K
}

Deoptimization events (10 events):
Event: 11.610 Thread 0x000000001ba0e000 Uncommon trap: reason=unstable_if action=reinterpret pc=0x0000000003b2e778 method=java.util.LinkedHashMap.get(Ljava/lang/Object;)Ljava/lang/Object; @ 20
Event: 11.778 Thread 0x000000001ba0e000 Uncommon trap: reason=bimorphic action=maybe_recompile pc=0x0000000003d3d8b8 method=java.util.regex.Pattern$CharProperty.match(Ljava/util/regex/Matcher;ILjava/lang/CharSequence;)Z @ 18
Event: 11.778 Thread 0x000000001ba0e000 Uncommon trap: reason=bimorphic action=maybe_recompile pc=0x0000000003d3d8b8 method=java.util.regex.Pattern$CharProperty.match(Ljava/util/regex/Matcher;ILjava/lang/CharSequence;)Z @ 18
Event: 11.778 Thread 0x000000001ba0e000 Uncommon trap: reason=bimorphic action=maybe_recompile pc=0x0000000003d3d8b8 method=java.util.regex.Pattern$CharProperty.match(Ljava/util/regex/Matcher;ILjava/lang/CharSequence;)Z @ 18
Event: 11.817 Thread 0x000000001ba0e000 Uncommon trap: reason=bimorphic action=maybe_recompile pc=0x0000000003d3d8b8 method=java.util.regex.Pattern$CharProperty.match(Ljava/util/regex/Matcher;ILjava/lang/CharSequence;)Z @ 18
Event: 12.034 Thread 0x000000001ba0e000 Uncommon trap: reason=unstable_if action=reinterpret pc=0x0000000003b75df0 method=org.gradle.internal.reflect.PropertyAccessorType.of(Ljava/lang/reflect/Method;)Lorg/gradle/internal/reflect/PropertyAccessorType; @ 56
Event: 12.488 Thread 0x000000001ba0e000 Uncommon trap: reason=unstable_if action=reinterpret pc=0x0000000003c5f674 method=com.sun.org.apache.xerces.internal.impl.XMLEntityScanner.checkBeforeLoad(Lcom/sun/xml/internal/stream/Entity$ScannedEntity;II)I @ 18
Event: 12.587 Thread 0x000000001ba0e000 Uncommon trap: reason=unstable_if action=reinterpret pc=0x0000000003deadb0 method=org.gradle.internal.instantiation.generator.AbstractClassGenerator$InjectionAnnotationValidator.validateMethod(Ljava/lang/reflect/Method;Lorg/gradle/internal/reflect/Propert
Event: 12.588 Thread 0x000000001ba0e000 Uncommon trap: reason=unstable_if action=reinterpret pc=0x0000000003e13204 method=org.gradle.internal.instantiation.generator.AbstractClassGenerator$InjectionAnnotationValidator.validateMethod(Ljava/lang/reflect/Method;Lorg/gradle/internal/reflect/Propert
Event: 12.678 Thread 0x000000001ba0e000 Uncommon trap: reason=null_check action=make_not_entrant pc=0x00000000038ff75c method=java.lang.Class.searchMethods([Ljava/lang/reflect/Method;Ljava/lang/String;[Ljava/lang/Class;)Ljava/lang/reflect/Method; @ 59

Classes redefined (0 events):
No events

Internal exceptions (10 events):
Event: 12.773 Thread 0x000000001ba0e000 Exception <a 'java/lang/ClassNotFoundException': build_dsf3p0feharbsz3d4o2lab7lp$_run_closure1BeanInfo> (0x00000000d7d9b8e8) thrown at [C:\src\AOSP-openjdk-git\hotspot\src\share\vm\classfile\systemDictionary.cpp, line 210]
Event: 12.773 Thread 0x000000001ba0e000 Exception <a 'java/lang/ClassNotFoundException': build_dsf3p0feharbsz3d4o2lab7lp$_run_closure1Customizer> (0x00000000d7dac650) thrown at [C:\src\AOSP-openjdk-git\hotspot\src\share\vm\classfile\systemDictionary.cpp, line 210]
Event: 12.779 Thread 0x000000001ba0e000 Exception <a 'java/lang/ClassNotFoundException': org/gradle/api/JavaVersionBeanInfo> (0x00000000d7e180b0) thrown at [C:\src\AOSP-openjdk-git\hotspot\src\share\vm\classfile\systemDictionary.cpp, line 210]
Event: 12.779 Thread 0x000000001ba0e000 Exception <a 'java/lang/ClassNotFoundException': java/lang/EnumBeanInfo> (0x00000000d7e21f40) thrown at [C:\src\AOSP-openjdk-git\hotspot\src\share\vm\classfile\systemDictionary.cpp, line 210]
Event: 12.779 Thread 0x000000001ba0e000 Exception <a 'java/lang/ClassNotFoundException': java/lang/EnumCustomizer> (0x00000000d7e2c1e8) thrown at [C:\src\AOSP-openjdk-git\hotspot\src\share\vm\classfile\systemDictionary.cpp, line 210]
Event: 12.781 Thread 0x000000001ba0e000 Exception <a 'java/lang/ClassNotFoundException': org/gradle/api/JavaVersionCustomizer> (0x00000000d7e612b0) thrown at [C:\src\AOSP-openjdk-git\hotspot\src\share\vm\classfile\systemDictionary.cpp, line 210]
Event: 12.783 Thread 0x000000001ba0e000 Exception <a 'java/lang/ClassNotFoundException': com/android/build/gradle/internal/CompileOptions_DecoratedBeanInfo> (0x00000000d7ec1470) thrown at [C:\src\AOSP-openjdk-git\hotspot\src\share\vm\classfile\systemDictionary.cpp, line 210]
Event: 12.784 Thread 0x000000001ba0e000 Exception <a 'java/lang/ClassNotFoundException': com/android/build/gradle/internal/CompileOptionsBeanInfo> (0x00000000d7edc6b0) thrown at [C:\src\AOSP-openjdk-git\hotspot\src\share\vm\classfile\systemDictionary.cpp, line 210]
Event: 12.784 Thread 0x000000001ba0e000 Exception <a 'java/lang/ClassNotFoundException': com/android/build/gradle/internal/CompileOptionsCustomizer> (0x00000000d7ef7ae8) thrown at [C:\src\AOSP-openjdk-git\hotspot\src\share\vm\classfile\systemDictionary.cpp, line 210]
Event: 12.785 Thread 0x000000001ba0e000 Exception <a 'java/lang/ClassNotFoundException': com/android/build/gradle/internal/CompileOptions_DecoratedCustomizer> (0x00000000d7f28750) thrown at [C:\src\AOSP-openjdk-git\hotspot\src\share\vm\classfile\systemDictionary.cpp, line 210]

Events (10 events):
Event: 13.018 loading class com/android/build/gradle/internal/publishing/AndroidArtifacts$ConsumedConfigType
Event: 13.018 loading class com/android/build/gradle/internal/publishing/AndroidArtifacts$ConsumedConfigType done
Event: 13.018 loading class com/android/build/api/variant/impl/VariantOutputList
Event: 13.018 loading class com/android/build/api/variant/impl/VariantOutputList done
Event: 13.019 loading class kotlin/jvm/internal/markers/KMappedMarker
Event: 13.019 loading class kotlin/jvm/internal/markers/KMappedMarker done
Event: 13.020 loading class com/android/builder/compiling/BuildConfigType
Event: 13.020 loading class com/android/builder/compiling/BuildConfigType done
Event: 13.021 loading class com/android/build/api/component/impl/ComponentPropertiesImpl$Companion
Event: 13.021 loading class com/android/build/api/component/impl/ComponentPropertiesImpl$Companion done


Dynamic libraries:
0x00007ff690200000 - 0x00007ff690231000 	C:\Program Files\Android\Android Studio\jre\bin\java.exe
0x00007ffe0f330000 - 0x00007ffe0f526000 	C:\WINDOWS\SYSTEM32\ntdll.dll
0x00007ffe0db50000 - 0x00007ffe0dc0d000 	C:\WINDOWS\System32\KERNEL32.DLL
0x00007ffe0cc10000 - 0x00007ffe0ced9000 	C:\WINDOWS\System32\KERNELBASE.dll
0x00007ffe0d890000 - 0x00007ffe0d93c000 	C:\WINDOWS\System32\ADVAPI32.dll
0x00007ffe0dcf0000 - 0x00007ffe0dd8e000 	C:\WINDOWS\System32\msvcrt.dll
0x00007ffe0ee00000 - 0x00007ffe0ee9c000 	C:\WINDOWS\System32\sechost.dll
0x00007ffe0f040000 - 0x00007ffe0f16b000 	C:\WINDOWS\System32\RPCRT4.dll
0x00007ffe0e780000 - 0x00007ffe0e920000 	C:\WINDOWS\System32\USER32.dll
0x00007ffe0cf10000 - 0x00007ffe0cf32000 	C:\WINDOWS\System32\win32u.dll
0x00007ffe0eea0000 - 0x00007ffe0eeca000 	C:\WINDOWS\System32\GDI32.dll
0x00007ffe0d220000 - 0x00007ffe0d32b000 	C:\WINDOWS\System32\gdi32full.dll
0x00007ffe0cb70000 - 0x00007ffe0cc0d000 	C:\WINDOWS\System32\msvcp_win.dll
0x00007ffe0ca70000 - 0x00007ffe0cb70000 	C:\WINDOWS\System32\ucrtbase.dll
0x00007ffdf42d0000 - 0x00007ffdf456b000 	C:\WINDOWS\WinSxS\amd64_microsoft.windows.common-controls_6595b64144ccf1df_6.0.19041.746_none_ca02b4b61b8320a4\COMCTL32.dll
0x00007ffe0d390000 - 0x00007ffe0d3c0000 	C:\WINDOWS\System32\IMM32.DLL
0x0000000077280000 - 0x0000000077352000 	C:\Program Files\Android\Android Studio\jre\jre\bin\msvcr100.dll
0x0000000077360000 - 0x0000000077bab000 	C:\Program Files\Android\Android Studio\jre\jre\bin\server\jvm.dll
0x00007ffdeabc0000 - 0x00007ffdeabc9000 	C:\WINDOWS\SYSTEM32\WSOCK32.dll
0x00007ffe02a10000 - 0x00007ffe02a37000 	C:\WINDOWS\SYSTEM32\WINMM.dll
0x00007ffe0ef80000 - 0x00007ffe0ef88000 	C:\WINDOWS\System32\PSAPI.DLL
0x00007ffe05010000 - 0x00007ffe0501a000 	C:\WINDOWS\SYSTEM32\VERSION.dll
0x00007ffe0e560000 - 0x00007ffe0e5cb000 	C:\WINDOWS\System32\WS2_32.dll
0x00007ffddb9b0000 - 0x00007ffddb9bf000 	C:\Program Files\Android\Android Studio\jre\jre\bin\verify.dll
0x00007ffddb980000 - 0x00007ffddb9a9000 	C:\Program Files\Android\Android Studio\jre\jre\bin\java.dll
0x00007ffddb960000 - 0x00007ffddb976000 	C:\Program Files\Android\Android Studio\jre\jre\bin\zip.dll
0x00007ffe0dd90000 - 0x00007ffe0e4d2000 	C:\WINDOWS\System32\SHELL32.dll
0x00007ffe0abc0000 - 0x00007ffe0b350000 	C:\WINDOWS\SYSTEM32\windows.storage.dll
0x00007ffe0ea40000 - 0x00007ffe0ed96000 	C:\WINDOWS\System32\combase.dll
0x00007ffe0c400000 - 0x00007ffe0c42c000 	C:\WINDOWS\SYSTEM32\Wldp.dll
0x00007ffe0eed0000 - 0x00007ffe0ef7e000 	C:\WINDOWS\System32\SHCORE.dll
0x00007ffe0f290000 - 0x00007ffe0f2e5000 	C:\WINDOWS\System32\shlwapi.dll
0x00007ffe0c9a0000 - 0x00007ffe0c9c6000 	C:\WINDOWS\SYSTEM32\profapi.dll
0x00007ffddb940000 - 0x00007ffddb95a000 	C:\Program Files\Android\Android Studio\jre\jre\bin\net.dll
0x00007ffe0c180000 - 0x00007ffe0c1ea000 	C:\WINDOWS\system32\mswsock.dll
0x00007ffddb830000 - 0x00007ffddb843000 	C:\Program Files\Android\Android Studio\jre\jre\bin\nio.dll
0x00007ffe05a00000 - 0x00007ffe05a27000 	C:\Users\azrie\.gradle\native\f6784746aeab05261644944871eae4fe03e0ef1612fff0a4a95f87b438bc6780\windows-amd64\native-platform.dll
0x00007ffddb6a0000 - 0x00007ffddb6ad000 	C:\Program Files\Android\Android Studio\jre\jre\bin\management.dll
0x00007ffe0c360000 - 0x00007ffe0c378000 	C:\WINDOWS\SYSTEM32\CRYPTSP.dll
0x00007ffe0bb20000 - 0x00007ffe0bb54000 	C:\WINDOWS\system32\rsaenh.dll
0x00007ffe0cee0000 - 0x00007ffe0cf07000 	C:\WINDOWS\System32\bcrypt.dll
0x00007ffe0c960000 - 0x00007ffe0c98e000 	C:\WINDOWS\SYSTEM32\USERENV.dll
0x00007ffe0cf40000 - 0x00007ffe0cfc0000 	C:\WINDOWS\System32\bcryptprimitives.dll
0x00007ffe0c350000 - 0x00007ffe0c35c000 	C:\WINDOWS\SYSTEM32\CRYPTBASE.dll
0x00007ffe0be70000 - 0x00007ffe0beab000 	C:\WINDOWS\SYSTEM32\IPHLPAPI.DLL
0x00007ffe0db40000 - 0x00007ffe0db48000 	C:\WINDOWS\System32\NSI.dll
0x00007ffe046f0000 - 0x00007ffe04707000 	C:\WINDOWS\SYSTEM32\dhcpcsvc6.DLL
0x00007ffe04840000 - 0x00007ffe0485d000 	C:\WINDOWS\SYSTEM32\dhcpcsvc.DLL
0x00007ffe0beb0000 - 0x00007ffe0bf7b000 	C:\WINDOWS\SYSTEM32\DNSAPI.dll
0x00007ffe05d60000 - 0x00007ffe05d6b000 	C:\WINDOWS\SYSTEM32\WINNSI.DLL

VM Arguments:
jvm_args: -Xmx2048m -Dfile.encoding=UTF-8 -Duser.country=US -Duser.language=en -Duser.variant 
java_command: org.gradle.launcher.daemon.bootstrap.GradleDaemon 6.5
java_class_path (initial): C:\Users\azrie\.gradle\wrapper\dists\gradle-6.5-bin\6nifqtx7604sqp1q6g8wikw7p\gradle-6.5\lib\gradle-launcher-6.5.jar
Launcher Type: SUN_STANDARD

Environment Variables:
PATH=C:\Program Files (x86)\Common Files\Oracle\Java\javapath;C:\WINDOWS\system32;C:\WINDOWS;C:\WINDOWS\System32\Wbem;C:\WINDOWS\System32\WindowsPowerShell\v1.0\;C:\WINDOWS\System32\OpenSSH\;C:\Program Files\Git\cmd;C:\xampp\php;C:\ProgramData\ComposerSetup\bin;C:\Program Files\nodejs\;C:\Users\azrie\AppData\Local\Microsoft\WindowsApps;C:\Users\azrie\AppData\Roaming\Composer\vendor\bin;C:\Users\azrie\AppData\Roaming\npm;
USERNAME=azrie
OS=Windows_NT
PROCESSOR_IDENTIFIER=Intel64 Family 6 Model 78 Stepping 3, GenuineIntel



---------------  S Y S T E M  ---------------

OS: Windows 10.0 , 64 bit Build 19041 (10.0.19041.804)

CPU:total 4 (initial active 4) (2 cores per cpu, 2 threads per core) family 6 model 78 stepping 3, cmov, cx8, fxsr, mmx, sse, sse2, sse3, ssse3, sse4.1, sse4.2, popcnt, avx, avx2, aes, clmul, erms, 3dnowpref, lzcnt, ht, tsc, tscinvbit, bmi1, bmi2, adx

Memory: 4k page, physical 8308292k(472332k free), swap 12453444k(5700k free)

vm_info: OpenJDK 64-Bit Server VM (25.242-b01) for windows-amd64 JRE (1.8.0_242-release-1644-b01), built by "builder" with MS VC++ 10.0 (VS2010)

time: Wed Mar 10 15:06:51 2021
timezone: SE Asia Standard Time
elapsed time: 13 seconds (0d 0h 0m 13s)

