#
# There is insufficient memory for the Java Runtime Environment to continue.
# Native memory allocation (malloc) failed to allocate 32744 bytes for ChunkPool::allocate
# Possible reasons:
#   The system is out of physical RAM or swap space
#   The process is running with CompressedOops enabled, and the Java Heap may be blocking the growth of the native heap
# Possible solutions:
#   Reduce memory load on the system
#   Increase physical memory or swap space
#   Check if swap backing store is full
#   Decrease Java heap size (-Xmx/-Xms)
#   Decrease number of Java threads
#   Decrease Java thread stack sizes (-Xss)
#   Set larger code cache with -XX:ReservedCodeCacheSize=
#   JVM is running with Unscaled Compressed Oops mode in which the Java heap is
#     placed in the first 4GB address space. The Java Heap base address is the
#     maximum limit for the native heap growth. Please use -XX:HeapBaseMinAddress
#     to set the Java Heap base and to place the Java Heap above 4GB virtual address.
# This output file may be truncated or incomplete.
#
#  Out of Memory Error (allocation.cpp:272), pid=7868, tid=0x0000000000000f94
#
# JRE version: OpenJDK Runtime Environment (8.0_242-b01) (build 1.8.0_242-release-1644-b01)
# Java VM: OpenJDK 64-Bit Server VM (25.242-b01 mixed mode windows-amd64 compressed oops)
# Failed to write core dump. Minidumps are not enabled by default on client versions of Windows
#

---------------  T H R E A D  ---------------

Current thread (0x000000001744c800):  JavaThread "C2 CompilerThread1" daemon [_thread_in_native, id=3988, stack(0x0000000018b90000,0x0000000018c90000)]

Stack: [0x0000000018b90000,0x0000000018c90000]
[error occurred during error reporting (printing stack bounds), id 0xc0000005]

Native frames: (J=compiled Java code, j=interpreted, Vv=VM code, C=native code)


Current CompileTask:
C2:   6203 1555   !   4       java.net.URLClassLoader$1::run (63 bytes)


---------------  P R O C E S S  ---------------

Java Threads: ( => current thread )
  0x000000001a218000 JavaThread "Cache worker for file hash cache (C:\Users\azrie\.gradle\caches\6.5\fileHashes)" [_thread_blocked, id=10140, stack(0x000000001d3b0000,0x000000001d4b0000)]
  0x000000001a216800 JavaThread "File lock request listener" [_thread_in_native, id=5268, stack(0x000000001d2b0000,0x000000001d3b0000)]
  0x000000001a63b800 JavaThread "Cache worker for journal cache (C:\Users\azrie\.gradle\caches\journal-1)" [_thread_blocked, id=15564, stack(0x000000001d1b0000,0x000000001d2b0000)]
  0x000000001a8cb800 JavaThread "Thread-9" [_thread_blocked, id=2616, stack(0x000000001ceb0000,0x000000001cfb0000)]
  0x00000000196db800 JavaThread "Stdin handler" [_thread_blocked, id=18504, stack(0x000000001cdb0000,0x000000001ceb0000)]
  0x00000000196d8000 JavaThread "Asynchronous log dispatcher for DefaultDaemonConnection: socket connection from /127.0.0.1:56713 to /127.0.0.1:56715" [_thread_blocked, id=11856, stack(0x000000001ccb0000,0x000000001cdb0000)]
  0x000000001af47800 JavaThread "Daemon worker" [_thread_in_vm, id=8980, stack(0x000000001cbb0000,0x000000001ccb0000)]
  0x000000001af38800 JavaThread "Cancel handler" [_thread_blocked, id=18060, stack(0x000000001cab0000,0x000000001cbb0000)]
  0x000000001af27000 JavaThread "Handler for socket connection from /127.0.0.1:56713 to /127.0.0.1:56715" [_thread_in_native, id=8952, stack(0x000000001c9b0000,0x000000001cab0000)]
  0x000000001aefe000 JavaThread "Daemon" [_thread_blocked, id=9444, stack(0x000000001c8b0000,0x000000001c9b0000)]
  0x000000001aefc800 JavaThread "Daemon periodic checks" [_thread_blocked, id=16092, stack(0x000000001c5b0000,0x000000001c6b0000)]
  0x000000001aeb0800 JavaThread "Incoming local TCP Connector on port 56713" [_thread_in_native, id=6220, stack(0x000000001c370000,0x000000001c470000)]
  0x000000001adc9800 JavaThread "Daemon health stats" [_thread_blocked, id=1776, stack(0x000000001bd30000,0x000000001be30000)]
  0x0000000018dc0800 JavaThread "Service Thread" daemon [_thread_blocked, id=11640, stack(0x0000000019190000,0x0000000019290000)]
  0x0000000017451000 JavaThread "C1 CompilerThread2" daemon [_thread_blocked, id=6372, stack(0x0000000018c90000,0x0000000018d90000)]
=>0x000000001744c800 JavaThread "C2 CompilerThread1" daemon [_thread_in_native, id=3988, stack(0x0000000018b90000,0x0000000018c90000)]
  0x0000000017446800 JavaThread "C2 CompilerThread0" daemon [_thread_in_native, id=3536, stack(0x0000000018a90000,0x0000000018b90000)]
  0x0000000017443000 JavaThread "Attach Listener" daemon [_thread_blocked, id=7812, stack(0x0000000018990000,0x0000000018a90000)]
  0x0000000017445000 JavaThread "Signal Dispatcher" daemon [_thread_blocked, id=17428, stack(0x0000000018890000,0x0000000018990000)]
  0x000000000281c000 JavaThread "Finalizer" daemon [_thread_blocked, id=15224, stack(0x0000000018690000,0x0000000018790000)]
  0x0000000017429000 JavaThread "Reference Handler" daemon [_thread_blocked, id=6528, stack(0x0000000018590000,0x0000000018690000)]
  0x000000000271e000 JavaThread "main" [_thread_blocked, id=9388, stack(0x00000000025b0000,0x00000000026b0000)]

Other Threads:
  0x0000000017406800 VMThread [stack: 0x0000000018490000,0x0000000018590000] [id=11816]
  0x000000001749e800 WatcherThread [stack: 0x0000000019290000,0x0000000019390000] [id=19024]

VM state:not at safepoint (normal execution)

VM Mutex/Monitor currently owned by a thread: None

heap address: 0x0000000080000000, size: 2048 MB, Compressed Oops mode: 32-bit
Narrow klass base: 0x0000000000000000, Narrow klass shift: 3
Compressed class space size: 1073741824 Address: 0x0000000100000000

Heap:
 PSYoungGen      total 38400K, used 37608K [0x00000000d5580000, 0x00000000da080000, 0x0000000100000000)
  eden space 33280K, 97% used [0x00000000d5580000,0x00000000d753d690,0x00000000d7600000)
  from space 5120K, 99% used [0x00000000d7b00000,0x00000000d7ffccf8,0x00000000d8000000)
  to   space 5120K, 0% used [0x00000000d7600000,0x00000000d7600000,0x00000000d7b00000)
 ParOldGen       total 87552K, used 3367K [0x0000000080000000, 0x0000000085580000, 0x00000000d5580000)
  object space 87552K, 3% used [0x0000000080000000,0x0000000080349f00,0x0000000085580000)
 Metaspace       used 17683K, capacity 18296K, committed 18560K, reserved 1064960K
  class space    used 2417K, capacity 2628K, committed 2688K, reserved 1048576K

Card table byte_map: [0x0000000011be0000,0x0000000011ff0000] byte_map_base: 0x00000000117e0000

Marking Bits: (ParMarkBitMap*) 0x00000000582df030
 Begin Bits: [0x00000000126a0000, 0x00000000146a0000)
 End Bits:   [0x00000000146a0000, 0x00000000166a0000)

Polling page: 0x0000000002590000

CodeCache: size=245760Kb used=5736Kb max_used=5736Kb free=240023Kb
 bounds [0x0000000002820000, 0x0000000002dc0000, 0x0000000011820000]
 total_blobs=2049 nmethods=1646 adapters=316
 compilation: enabled

Compilation events (10 events):
Event: 6.155 Thread 0x0000000017451000 1653       3       sun.misc.ProxyGenerator::code_aload (11 bytes)
Event: 6.155 Thread 0x0000000017451000 nmethod 1653 0x0000000002dba750 code [0x0000000002dba8c0, 0x0000000002dbaa68]
Event: 6.155 Thread 0x0000000017451000 1654       1       sun.misc.ProxyGenerator::access$800 (5 bytes)
Event: 6.155 Thread 0x0000000017451000 nmethod 1654 0x0000000002dbab10 code [0x0000000002dbac60, 0x0000000002dbad50]
Event: 6.159 Thread 0x0000000017451000 1655       3       java.util.ArrayList::toArray (60 bytes)
Event: 6.160 Thread 0x0000000017451000 nmethod 1655 0x0000000002dbadd0 code [0x0000000002dbaf60, 0x0000000002dbb518]
Event: 6.173 Thread 0x0000000017451000 1656       3       org.gradle.internal.service.DefaultServiceRegistry$ManagedObjectServiceProvider::requiredBy (20 bytes)
Event: 6.173 Thread 0x0000000017451000 nmethod 1656 0x0000000002dbbad0 code [0x0000000002dbbc60, 0x0000000002dbc188]
Event: 6.173 Thread 0x0000000017451000 1657       3       org.gradle.internal.service.DefaultServiceRegistry$ManagedObjectServiceProvider::fromSameRegistry (27 bytes)
Event: 6.173 Thread 0x0000000017451000 nmethod 1657 0x0000000002dbc2d0 code [0x0000000002dbc440, 0x0000000002dbc810]

GC Heap History (8 events):
Event: 1.368 GC heap before
{Heap before GC invocations=1 (full 0):
 PSYoungGen      total 38400K, used 33280K [0x00000000d5580000, 0x00000000d8000000, 0x0000000100000000)
  eden space 33280K, 100% used [0x00000000d5580000,0x00000000d7600000,0x00000000d7600000)
  from space 5120K, 0% used [0x00000000d7b00000,0x00000000d7b00000,0x00000000d8000000)
  to   space 5120K, 0% used [0x00000000d7600000,0x00000000d7600000,0x00000000d7b00000)
 ParOldGen       total 87552K, used 0K [0x0000000080000000, 0x0000000085580000, 0x00000000d5580000)
  object space 87552K, 0% used [0x0000000080000000,0x0000000080000000,0x0000000085580000)
 Metaspace       used 7213K, capacity 7442K, committed 7680K, reserved 1056768K
  class space    used 890K, capacity 973K, committed 1024K, reserved 1048576K
Event: 1.378 GC heap after
Heap after GC invocations=1 (full 0):
 PSYoungGen      total 38400K, used 4378K [0x00000000d5580000, 0x00000000d8000000, 0x0000000100000000)
  eden space 33280K, 0% used [0x00000000d5580000,0x00000000d5580000,0x00000000d7600000)
  from space 5120K, 85% used [0x00000000d7600000,0x00000000d7a46a10,0x00000000d7b00000)
  to   space 5120K, 0% used [0x00000000d7b00000,0x00000000d7b00000,0x00000000d8000000)
 ParOldGen       total 87552K, used 8K [0x0000000080000000, 0x0000000085580000, 0x00000000d5580000)
  object space 87552K, 0% used [0x0000000080000000,0x0000000080002000,0x0000000085580000)
 Metaspace       used 7213K, capacity 7442K, committed 7680K, reserved 1056768K
  class space    used 890K, capacity 973K, committed 1024K, reserved 1048576K
}
Event: 1.825 GC heap before
{Heap before GC invocations=2 (full 0):
 PSYoungGen      total 38400K, used 37658K [0x00000000d5580000, 0x00000000d8000000, 0x0000000100000000)
  eden space 33280K, 100% used [0x00000000d5580000,0x00000000d7600000,0x00000000d7600000)
  from space 5120K, 85% used [0x00000000d7600000,0x00000000d7a46a10,0x00000000d7b00000)
  to   space 5120K, 0% used [0x00000000d7b00000,0x00000000d7b00000,0x00000000d8000000)
 ParOldGen       total 87552K, used 8K [0x0000000080000000, 0x0000000085580000, 0x00000000d5580000)
  object space 87552K, 0% used [0x0000000080000000,0x0000000080002000,0x0000000085580000)
 Metaspace       used 7459K, capacity 7754K, committed 7936K, reserved 1056768K
  class space    used 916K, capacity 1013K, committed 1024K, reserved 1048576K
Event: 1.831 GC heap after
Heap after GC invocations=2 (full 0):
 PSYoungGen      total 38400K, used 3245K [0x00000000d5580000, 0x00000000da080000, 0x0000000100000000)
  eden space 33280K, 0% used [0x00000000d5580000,0x00000000d5580000,0x00000000d7600000)
  from space 5120K, 63% used [0x00000000d7b00000,0x00000000d7e2b7e0,0x00000000d8000000)
  to   space 5120K, 0% used [0x00000000d7600000,0x00000000d7600000,0x00000000d7b00000)
 ParOldGen       total 87552K, used 16K [0x0000000080000000, 0x0000000085580000, 0x00000000d5580000)
  object space 87552K, 0% used [0x0000000080000000,0x0000000080004000,0x0000000085580000)
 Metaspace       used 7459K, capacity 7754K, committed 7936K, reserved 1056768K
  class space    used 916K, capacity 1013K, committed 1024K, reserved 1048576K
}
Event: 4.876 GC heap before
{Heap before GC invocations=3 (full 0):
 PSYoungGen      total 38400K, used 36525K [0x00000000d5580000, 0x00000000da080000, 0x0000000100000000)
  eden space 33280K, 100% used [0x00000000d5580000,0x00000000d7600000,0x00000000d7600000)
  from space 5120K, 63% used [0x00000000d7b00000,0x00000000d7e2b7e0,0x00000000d8000000)
  to   space 5120K, 0% used [0x00000000d7600000,0x00000000d7600000,0x00000000d7b00000)
 ParOldGen       total 87552K, used 16K [0x0000000080000000, 0x0000000085580000, 0x00000000d5580000)
  object space 87552K, 0% used [0x0000000080000000,0x0000000080004000,0x0000000085580000)
 Metaspace       used 12122K, capacity 12496K, committed 12800K, reserved 1060864K
  class space    used 1612K, capacity 1726K, committed 1792K, reserved 1048576K
Event: 4.892 GC heap after
Heap after GC invocations=3 (full 0):
 PSYoungGen      total 38400K, used 5088K [0x00000000d5580000, 0x00000000d8000000, 0x0000000100000000)
  eden space 33280K, 0% used [0x00000000d5580000,0x00000000d5580000,0x00000000d7600000)
  from space 5120K, 99% used [0x00000000d7600000,0x00000000d7af8020,0x00000000d7b00000)
  to   space 5120K, 0% used [0x00000000d7b00000,0x00000000d7b00000,0x00000000d8000000)
 ParOldGen       total 87552K, used 1086K [0x0000000080000000, 0x0000000085580000, 0x00000000d5580000)
  object space 87552K, 1% used [0x0000000080000000,0x000000008010fbd0,0x0000000085580000)
 Metaspace       used 12122K, capacity 12496K, committed 12800K, reserved 1060864K
  class space    used 1612K, capacity 1726K, committed 1792K, reserved 1048576K
}
Event: 5.494 GC heap before
{Heap before GC invocations=4 (full 0):
 PSYoungGen      total 38400K, used 38368K [0x00000000d5580000, 0x00000000d8000000, 0x0000000100000000)
  eden space 33280K, 100% used [0x00000000d5580000,0x00000000d7600000,0x00000000d7600000)
  from space 5120K, 99% used [0x00000000d7600000,0x00000000d7af8020,0x00000000d7b00000)
  to   space 5120K, 0% used [0x00000000d7b00000,0x00000000d7b00000,0x00000000d8000000)
 ParOldGen       total 87552K, used 1086K [0x0000000080000000, 0x0000000085580000, 0x00000000d5580000)
  object space 87552K, 1% used [0x0000000080000000,0x000000008010fbd0,0x0000000085580000)
 Metaspace       used 15265K, capacity 15818K, committed 16128K, reserved 1062912K
  class space    used 2010K, capacity 2185K, committed 2304K, reserved 1048576K
Event: 5.506 GC heap after
Heap after GC invocations=4 (full 0):
 PSYoungGen      total 38400K, used 5107K [0x00000000d5580000, 0x00000000da080000, 0x0000000100000000)
  eden space 33280K, 0% used [0x00000000d5580000,0x00000000d5580000,0x00000000d7600000)
  from space 5120K, 99% used [0x00000000d7b00000,0x00000000d7ffccf8,0x00000000d8000000)
  to   space 5120K, 0% used [0x00000000d7600000,0x00000000d7600000,0x00000000d7b00000)
 ParOldGen       total 87552K, used 3367K [0x0000000080000000, 0x0000000085580000, 0x00000000d5580000)
  object space 87552K, 3% used [0x0000000080000000,0x0000000080349f00,0x0000000085580000)
 Metaspace       used 15265K, capacity 15818K, committed 16128K, reserved 1062912K
  class space    used 2010K, capacity 2185K, committed 2304K, reserved 1048576K
}

Deoptimization events (10 events):
Event: 5.312 Thread 0x000000001af47800 Uncommon trap: reason=class_check action=maybe_recompile pc=0x0000000002b46ad8 method=java.util.regex.Matcher.match(II)Z @ 86
Event: 5.313 Thread 0x000000001af47800 Uncommon trap: reason=class_check action=maybe_recompile pc=0x0000000002b46ad8 method=java.util.regex.Matcher.match(II)Z @ 86
Event: 5.313 Thread 0x000000001af47800 Uncommon trap: reason=class_check action=maybe_recompile pc=0x00000000029d5c0c method=java.util.regex.Matcher.match(II)Z @ 86
Event: 5.538 Thread 0x000000001af47800 Uncommon trap: reason=unstable_if action=reinterpret pc=0x0000000002b418dc method=java.io.File.getName()Ljava/lang/String; @ 16
Event: 5.538 Thread 0x000000001af47800 Uncommon trap: reason=unstable_if action=reinterpret pc=0x0000000002b40dd4 method=java.lang.String.substring(I)Ljava/lang/String; @ 35
Event: 5.912 Thread 0x000000001af47800 Uncommon trap: reason=unstable_if action=reinterpret pc=0x0000000002b442f0 method=java.util.LinkedHashMap.afterNodeInsertion(Z)V @ 1
Event: 5.913 Thread 0x000000001af47800 Uncommon trap: reason=unstable_if action=reinterpret pc=0x0000000002a8fabc method=java.util.HashMap.getNode(ILjava/lang/Object;)Ljava/util/HashMap$Node; @ 129
Event: 5.913 Thread 0x000000001af47800 Uncommon trap: reason=bimorphic action=maybe_recompile pc=0x0000000002ce930c method=java.util.HashMap.putVal(ILjava/lang/Object;Ljava/lang/Object;ZZ)Ljava/lang/Object; @ 203
Event: 5.919 Thread 0x000000001af47800 Uncommon trap: reason=unstable_if action=reinterpret pc=0x0000000002a7b710 method=java.util.HashMap.getNode(ILjava/lang/Object;)Ljava/util/HashMap$Node; @ 129
Event: 5.919 Thread 0x000000001af47800 Uncommon trap: reason=bimorphic action=maybe_recompile pc=0x0000000002ce930c method=java.util.HashMap.putVal(ILjava/lang/Object;Ljava/lang/Object;ZZ)Ljava/lang/Object; @ 203

Classes redefined (0 events):
No events

Internal exceptions (10 events):
Event: 4.729 Thread 0x000000001af27000 Exception <a 'java/lang/NoSuchMethodError': <clinit>> (0x00000000d7420bf8) thrown at [C:\src\AOSP-openjdk-git\hotspot\src\share\vm\prims\jni.cpp, line 1615]
Event: 4.731 Thread 0x000000001af27000 Exception <a 'java/lang/NoSuchMethodError': <clinit>> (0x00000000d74351e0) thrown at [C:\src\AOSP-openjdk-git\hotspot\src\share\vm\prims\jni.cpp, line 1615]
Event: 4.763 Thread 0x000000001af27000 Exception <a 'java/lang/NoSuchMethodError': <clinit>> (0x00000000d74a2950) thrown at [C:\src\AOSP-openjdk-git\hotspot\src\share\vm\prims\jni.cpp, line 1615]
Event: 4.782 Thread 0x000000001af27000 Exception <a 'java/lang/NoSuchMethodError': <clinit>> (0x00000000d74dce88) thrown at [C:\src\AOSP-openjdk-git\hotspot\src\share\vm\prims\jni.cpp, line 1615]
Event: 4.803 Thread 0x000000001af27000 Exception <a 'java/lang/NoSuchMethodError': <clinit>> (0x00000000d7512b50) thrown at [C:\src\AOSP-openjdk-git\hotspot\src\share\vm\prims\jni.cpp, line 1615]
Event: 4.806 Thread 0x000000001af27000 Exception <a 'java/lang/NoSuchMethodError': <clinit>> (0x00000000d751f080) thrown at [C:\src\AOSP-openjdk-git\hotspot\src\share\vm\prims\jni.cpp, line 1615]
Event: 5.604 Thread 0x000000001af47800 Exception <a 'java/lang/NoSuchMethodError': java.lang.Object.lambda$and$0(Ljava/util/function/Predicate;Ljava/lang/Object;)Z> (0x00000000d5857be0) thrown at [C:\src\AOSP-openjdk-git\hotspot\src\share\vm\interpreter\linkResolver.cpp, line 620]
Event: 5.612 Thread 0x000000001af47800 Exception <a 'java/lang/IncompatibleClassChangeError': Found class java.lang.Object, but interface was expected> (0x00000000d5867ed8) thrown at [C:\src\AOSP-openjdk-git\hotspot\src\share\vm\interpreter\linkResolver.cpp, line 653]
Event: 5.614 Thread 0x000000001af47800 Exception <a 'java/lang/NoSuchMethodError': java.lang.Object.lambda$or$2(Ljava/util/function/Predicate;Ljava/lang/Object;)Z> (0x00000000d586ca28) thrown at [C:\src\AOSP-openjdk-git\hotspot\src\share\vm\interpreter\linkResolver.cpp, line 620]
Event: 5.991 Thread 0x000000001af47800 Exception <a 'java/lang/NoSuchMethodError': java.lang.Object.lambda$static$0(Lorg/gradle/internal/state/ModelObject;)Ljava/lang/String;> (0x00000000d6fe8208) thrown at [C:\src\AOSP-openjdk-git\hotspot\src\share\vm\interpreter\linkResolver.cpp, line 620]

Events (10 events):
Event: 6.177 loading class org/gradle/api/internal/initialization/AbstractClassLoaderScope
Event: 6.177 loading class org/gradle/api/internal/initialization/AbstractClassLoaderScope done
Event: 6.178 loading class org/gradle/api/internal/initialization/ClassLoaderScope
Event: 6.178 loading class org/gradle/api/internal/initialization/ClassLoaderScope done
Event: 6.179 loading class org/gradle/api/internal/initialization/RootClassLoaderScope
Event: 6.179 loading class org/gradle/api/internal/initialization/RootClassLoaderScope done
Event: 6.180 loading class org/gradle/initialization/ClassLoaderScopeId
Event: 6.180 loading class org/gradle/initialization/ClassLoaderScopeId done
Event: 6.180 loading class org/gradle/api/internal/initialization/loadercache/ClassLoaderId
Event: 6.180 loading class org/gradle/api/internal/initialization/loadercache/ClassLoaderId done


Dynamic libraries:
0x00007ff64b920000 - 0x00007ff64b951000 	C:\Program Files\Android\Android Studio\jre\bin\java.exe
0x00007ffabeb90000 - 0x00007ffabed85000 	C:\WINDOWS\SYSTEM32\ntdll.dll
0x00007ffabd2a0000 - 0x00007ffabd35d000 	C:\WINDOWS\System32\KERNEL32.DLL
0x00007ffabc650000 - 0x00007ffabc919000 	C:\WINDOWS\System32\KERNELBASE.dll
0x00007ffabd150000 - 0x00007ffabd1fc000 	C:\WINDOWS\System32\ADVAPI32.dll
0x00007ffabd200000 - 0x00007ffabd29e000 	C:\WINDOWS\System32\msvcrt.dll
0x00007ffabe260000 - 0x00007ffabe2fc000 	C:\WINDOWS\System32\sechost.dll
0x00007ffabe3d0000 - 0x00007ffabe4fb000 	C:\WINDOWS\System32\RPCRT4.dll
0x00007ffabd360000 - 0x00007ffabd500000 	C:\WINDOWS\System32\USER32.dll
0x00007ffabcae0000 - 0x00007ffabcb02000 	C:\WINDOWS\System32\win32u.dll
0x00007ffabe1c0000 - 0x00007ffabe1ea000 	C:\WINDOWS\System32\GDI32.dll
0x00007ffabc920000 - 0x00007ffabca2b000 	C:\WINDOWS\System32\gdi32full.dll
0x00007ffabc350000 - 0x00007ffabc3ed000 	C:\WINDOWS\System32\msvcp_win.dll
0x00007ffabc550000 - 0x00007ffabc650000 	C:\WINDOWS\System32\ucrtbase.dll
0x00007ffa9e900000 - 0x00007ffa9eb9a000 	C:\WINDOWS\WinSxS\amd64_microsoft.windows.common-controls_6595b64144ccf1df_6.0.19041.844_none_ca00b6081b84eb1d\COMCTL32.dll
0x00007ffabd060000 - 0x00007ffabd090000 	C:\WINDOWS\System32\IMM32.DLL
0x00000000578b0000 - 0x0000000057982000 	C:\Program Files\Android\Android Studio\jre\jre\bin\msvcr100.dll
0x0000000057b10000 - 0x000000005835b000 	C:\Program Files\Android\Android Studio\jre\jre\bin\server\jvm.dll
0x00007ffabd6d0000 - 0x00007ffabd6d8000 	C:\WINDOWS\System32\PSAPI.DLL
0x00007ffab7e00000 - 0x00007ffab7e09000 	C:\WINDOWS\SYSTEM32\WSOCK32.dll
0x00007ffab25d0000 - 0x00007ffab25f7000 	C:\WINDOWS\SYSTEM32\WINMM.dll
0x00007ffab3930000 - 0x00007ffab393a000 	C:\WINDOWS\SYSTEM32\VERSION.dll
0x00007ffabe1f0000 - 0x00007ffabe25b000 	C:\WINDOWS\System32\WS2_32.dll
0x00007ffab5f30000 - 0x00007ffab5f3f000 	C:\Program Files\Android\Android Studio\jre\jre\bin\verify.dll
0x00007ffab3c40000 - 0x00007ffab3c69000 	C:\Program Files\Android\Android Studio\jre\jre\bin\java.dll
0x00007ffab1ce0000 - 0x00007ffab1cf6000 	C:\Program Files\Android\Android Studio\jre\jre\bin\zip.dll
0x00007ffabd9b0000 - 0x00007ffabe0f2000 	C:\WINDOWS\System32\SHELL32.dll
0x00007ffaba430000 - 0x00007ffababc0000 	C:\WINDOWS\SYSTEM32\windows.storage.dll
0x00007ffabe560000 - 0x00007ffabe8b5000 	C:\WINDOWS\System32\combase.dll
0x00007ffabbc70000 - 0x00007ffabbc9c000 	C:\WINDOWS\SYSTEM32\Wldp.dll
0x00007ffabe100000 - 0x00007ffabe1ae000 	C:\WINDOWS\System32\SHCORE.dll
0x00007ffabeaf0000 - 0x00007ffabeb45000 	C:\WINDOWS\System32\shlwapi.dll
0x00007ffabc210000 - 0x00007ffabc22f000 	C:\WINDOWS\SYSTEM32\profapi.dll
0x00007ffaa6a90000 - 0x00007ffaa6aaa000 	C:\Program Files\Android\Android Studio\jre\jre\bin\net.dll
0x00007ffabb9f0000 - 0x00007ffabba5a000 	C:\WINDOWS\system32\mswsock.dll
0x00007ffa9d930000 - 0x00007ffa9d943000 	C:\Program Files\Android\Android Studio\jre\jre\bin\nio.dll
0x00007ffa85480000 - 0x00007ffa854a7000 	C:\Users\azrie\.gradle\native\f6784746aeab05261644944871eae4fe03e0ef1612fff0a4a95f87b438bc6780\windows-amd64\native-platform.dll
0x00007ffab4ad0000 - 0x00007ffab4add000 	C:\Program Files\Android\Android Studio\jre\jre\bin\management.dll
0x00007ffabbbd0000 - 0x00007ffabbbe8000 	C:\WINDOWS\SYSTEM32\CRYPTSP.dll
0x00007ffabb390000 - 0x00007ffabb3c4000 	C:\WINDOWS\system32\rsaenh.dll
0x00007ffabcbc0000 - 0x00007ffabcbe7000 	C:\WINDOWS\System32\bcrypt.dll
0x00007ffabc190000 - 0x00007ffabc1be000 	C:\WINDOWS\SYSTEM32\USERENV.dll
0x00007ffabc2d0000 - 0x00007ffabc350000 	C:\WINDOWS\System32\bcryptprimitives.dll
0x00007ffabbbc0000 - 0x00007ffabbbcc000 	C:\WINDOWS\SYSTEM32\CRYPTBASE.dll
0x00007ffabb6e0000 - 0x00007ffabb71b000 	C:\WINDOWS\SYSTEM32\IPHLPAPI.DLL
0x00007ffabd090000 - 0x00007ffabd098000 	C:\WINDOWS\System32\NSI.dll
0x00007ffab4680000 - 0x00007ffab4697000 	C:\WINDOWS\SYSTEM32\dhcpcsvc6.DLL
0x00007ffab4a40000 - 0x00007ffab4a5d000 	C:\WINDOWS\SYSTEM32\dhcpcsvc.DLL
0x00007ffabb720000 - 0x00007ffabb7eb000 	C:\WINDOWS\SYSTEM32\DNSAPI.dll
0x00007ffab5b80000 - 0x00007ffab5b8b000 	C:\WINDOWS\SYSTEM32\WINNSI.DLL

VM Arguments:
jvm_args: -Xmx2048m -Dfile.encoding=UTF-8 -Duser.country=US -Duser.language=en -Duser.variant 
java_command: org.gradle.launcher.daemon.bootstrap.GradleDaemon 6.5
java_class_path (initial): C:\Users\azrie\.gradle\wrapper\dists\gradle-6.5-all\2oz4ud9k3tuxjg84bbf55q0tn\gradle-6.5\lib\gradle-launcher-6.5.jar
Launcher Type: SUN_STANDARD

Environment Variables:
PATH=C:\Program Files (x86)\Common Files\Oracle\Java\javapath;C:\WINDOWS\system32;C:\WINDOWS;C:\WINDOWS\System32\Wbem;C:\WINDOWS\System32\WindowsPowerShell\v1.0\;C:\WINDOWS\System32\OpenSSH\;C:\Program Files\Git\cmd;C:\xampp\php;C:\ProgramData\ComposerSetup\bin;C:\Program Files\nodejs\;C:\Users\azrie\AppData\Local\Microsoft\WindowsApps;C:\Users\azrie\AppData\Roaming\Composer\vendor\bin;C:\Users\azrie\AppData\Roaming\npm;
USERNAME=azrie
OS=Windows_NT
PROCESSOR_IDENTIFIER=Intel64 Family 6 Model 78 Stepping 3, GenuineIntel



---------------  S Y S T E M  ---------------

OS: Windows 10.0 , 64 bit Build 19041 (10.0.19041.804)

CPU:total 4 (initial active 4) (2 cores per cpu, 2 threads per core) family 6 model 78 stepping 3, cmov, cx8, fxsr, mmx, sse, sse2, sse3, ssse3, sse4.1, sse4.2, popcnt, avx, avx2, aes, clmul, erms, 3dnowpref, lzcnt, ht, tsc, tscinvbit, bmi1, bmi2, adx

Memory: 4k page, physical 8308292k(772800k free), swap 12453444k(3088k free)

vm_info: OpenJDK 64-Bit Server VM (25.242-b01) for windows-amd64 JRE (1.8.0_242-release-1644-b01), built by "builder" with MS VC++ 10.0 (VS2010)

time: Fri Mar 19 18:28:34 2021
timezone: SE Asia Standard Time
elapsed time: 6 seconds (0d 0h 0m 6s)

