#
# There is insufficient memory for the Java Runtime Environment to continue.
# Native memory allocation (malloc) failed to allocate 794096 bytes for Chunk::new
# Possible reasons:
#   The system is out of physical RAM or swap space
#   The process is running with CompressedOops enabled, and the Java Heap may be blocking the growth of the native heap
# Possible solutions:
#   Reduce memory load on the system
#   Increase physical memory or swap space
#   Check if swap backing store is full
#   Decrease Java heap size (-Xmx/-Xms)
#   Decrease number of Java threads
#   Decrease Java thread stack sizes (-Xss)
#   Set larger code cache with -XX:ReservedCodeCacheSize=
#   JVM is running with Unscaled Compressed Oops mode in which the Java heap is
#     placed in the first 4GB address space. The Java Heap base address is the
#     maximum limit for the native heap growth. Please use -XX:HeapBaseMinAddress
#     to set the Java Heap base and to place the Java Heap above 4GB virtual address.
# This output file may be truncated or incomplete.
#
#  Out of Memory Error (allocation.cpp:389), pid=256, tid=0x0000000000001914
#
# JRE version: OpenJDK Runtime Environment (8.0_242-b01) (build 1.8.0_242-release-1644-b01)
# Java VM: OpenJDK 64-Bit Server VM (25.242-b01 mixed mode windows-amd64 compressed oops)
# Failed to write core dump. Minidumps are not enabled by default on client versions of Windows
#

---------------  T H R E A D  ---------------

Current thread (0x0000000017037000):  JavaThread "C2 CompilerThread0" daemon [_thread_in_native, id=6420, stack(0x00000000186a0000,0x00000000187a0000)]

Stack: [0x00000000186a0000,0x00000000187a0000]
[error occurred during error reporting (printing stack bounds), id 0xc0000005]

Native frames: (J=compiled Java code, j=interpreted, Vv=VM code, C=native code)


Current CompileTask:
C2:   7374 2596       4       groovy.lang.MetaClassImpl$1MOPIter::methodNameAction (325 bytes)


---------------  P R O C E S S  ---------------

Java Threads: ( => current thread )
  0x000000001aa59800 JavaThread "Cache worker for file content cache (C:\Users\azrie\.gradle\caches\6.5\fileContent)" [_thread_blocked, id=18196, stack(0x00000000212c0000,0x00000000213c0000)]
  0x000000001aa5d800 JavaThread "jar transforms" [_thread_blocked, id=3748, stack(0x00000000211c0000,0x00000000212c0000)]
  0x000000001aa5c000 JavaThread "Cache worker for execution history cache (C:\Users\azrie\.gradle\caches\6.5\executionHistory)" [_thread_blocked, id=4476, stack(0x0000000020ac0000,0x0000000020bc0000)]
  0x000000001aa59000 JavaThread "Cache worker for cache directory md-rule (C:\Users\azrie\.gradle\caches\6.5\md-rule)" [_thread_blocked, id=17976, stack(0x00000000209c0000,0x0000000020ac0000)]
  0x000000001aa5c800 JavaThread "Cache worker for cache directory md-supplier (C:\Users\azrie\.gradle\caches\6.5\md-supplier)" [_thread_blocked, id=8760, stack(0x000000001f560000,0x000000001f660000)]
  0x000000001aa5f800 JavaThread "Cache worker for checksums cache (C:\Users\azrie\AndroidStudioProjects\SneakersAuction\.gradle\checksums)" [_thread_blocked, id=9372, stack(0x000000001f460000,0x000000001f560000)]
  0x000000001aa5a800 JavaThread "Cache worker for file hash cache (C:\Users\azrie\AndroidStudioProjects\SneakersAuction\.gradle\6.5\fileHashes)" [_thread_blocked, id=16556, stack(0x00000000208c0000,0x00000000209c0000)]
  0x000000001aa5f000 JavaThread "Cache worker for file hash cache (C:\Users\azrie\.gradle\caches\6.5\fileHashes)" [_thread_blocked, id=18340, stack(0x000000001cfc0000,0x000000001d0c0000)]
  0x000000001aa5e000 JavaThread "File lock request listener" [_thread_in_native, id=4584, stack(0x000000001cec0000,0x000000001cfc0000)]
  0x000000001ab49800 JavaThread "Cache worker for journal cache (C:\Users\azrie\.gradle\caches\journal-1)" [_thread_blocked, id=6800, stack(0x000000001cdc0000,0x000000001cec0000)]
  0x000000001a298800 JavaThread "Thread-9" [_thread_blocked, id=6700, stack(0x000000001cac0000,0x000000001cbc0000)]
  0x000000001a293800 JavaThread "Stdin handler" [_thread_blocked, id=3264, stack(0x000000001c9c0000,0x000000001cac0000)]
  0x000000001a9d3000 JavaThread "Asynchronous log dispatcher for DefaultDaemonConnection: socket connection from /127.0.0.1:51217 to /127.0.0.1:51218" [_thread_blocked, id=16796, stack(0x000000001c8c0000,0x000000001c9c0000)]
  0x000000001a9c6000 JavaThread "Daemon worker" [_thread_in_Java, id=11600, stack(0x000000001c7c0000,0x000000001c8c0000)]
  0x000000001a9c5000 JavaThread "Cancel handler" [_thread_blocked, id=252, stack(0x000000001c6c0000,0x000000001c7c0000)]
  0x000000001a767000 JavaThread "Handler for socket connection from /127.0.0.1:51217 to /127.0.0.1:51218" [_thread_in_native, id=9188, stack(0x000000001c5c0000,0x000000001c6c0000)]
  0x000000001a961800 JavaThread "Daemon" [_thread_blocked, id=13704, stack(0x000000001c4c0000,0x000000001c5c0000)]
  0x000000001a95f800 JavaThread "Daemon periodic checks" [_thread_blocked, id=16800, stack(0x000000001c1c0000,0x000000001c2c0000)]
  0x000000001a953000 JavaThread "Incoming local TCP Connector on port 51217" [_thread_in_native, id=16884, stack(0x000000001bf80000,0x000000001c080000)]
  0x0000000018a62000 JavaThread "Daemon health stats" [_thread_blocked, id=9696, stack(0x000000001b940000,0x000000001ba40000)]
  0x00000000189d0800 JavaThread "Service Thread" daemon [_thread_blocked, id=3372, stack(0x0000000018da0000,0x0000000018ea0000)]
  0x0000000017045000 JavaThread "C1 CompilerThread2" daemon [_thread_blocked, id=16968, stack(0x00000000188a0000,0x00000000189a0000)]
  0x000000001703d000 JavaThread "C2 CompilerThread1" daemon [_thread_in_native, id=16604, stack(0x00000000187a0000,0x00000000188a0000)]
=>0x0000000017037000 JavaThread "C2 CompilerThread0" daemon [_thread_in_native, id=6420, stack(0x00000000186a0000,0x00000000187a0000)]
  0x0000000017032000 JavaThread "Attach Listener" daemon [_thread_blocked, id=18244, stack(0x00000000185a0000,0x00000000186a0000)]
  0x0000000017035800 JavaThread "Signal Dispatcher" daemon [_thread_blocked, id=8536, stack(0x00000000184a0000,0x00000000185a0000)]
  0x00000000023ab000 JavaThread "Finalizer" daemon [_thread_blocked, id=9588, stack(0x00000000182a0000,0x00000000183a0000)]
  0x0000000017019000 JavaThread "Reference Handler" daemon [_thread_blocked, id=5636, stack(0x00000000181a0000,0x00000000182a0000)]
  0x00000000023dd800 JavaThread "main" [_thread_blocked, id=15308, stack(0x0000000002180000,0x0000000002280000)]

Other Threads:
  0x0000000016ff6000 VMThread [stack: 0x00000000180a0000,0x00000000181a0000] [id=1508]
  0x000000001706c000 WatcherThread [stack: 0x0000000018ea0000,0x0000000018fa0000] [id=12472]

VM state:not at safepoint (normal execution)

VM Mutex/Monitor currently owned by a thread: None

heap address: 0x0000000080000000, size: 2048 MB, Compressed Oops mode: 32-bit
Narrow klass base: 0x0000000000000000, Narrow klass shift: 3
Compressed class space size: 1073741824 Address: 0x0000000100000000

Heap:
 PSYoungGen      total 76800K, used 5013K [0x00000000d5580000, 0x00000000dcd80000, 0x0000000100000000)
  eden space 65536K, 7% used [0x00000000d5580000,0x00000000d5a65678,0x00000000d9580000)
  from space 11264K, 0% used [0x00000000d9580000,0x00000000d9580000,0x00000000da080000)
  to   space 11776K, 0% used [0x00000000dc200000,0x00000000dc200000,0x00000000dcd80000)
 ParOldGen       total 66560K, used 14945K [0x0000000080000000, 0x0000000084100000, 0x00000000d5580000)
  object space 66560K, 22% used [0x0000000080000000,0x0000000080e98460,0x0000000084100000)
 Metaspace       used 32805K, capacity 33814K, committed 33968K, reserved 1081344K
  class space    used 4488K, capacity 4755K, committed 4784K, reserved 1048576K

Card table byte_map: [0x00000000117a0000,0x0000000011bb0000] byte_map_base: 0x00000000113a0000

Marking Bits: (ParMarkBitMap*) 0x0000000077b2f030
 Begin Bits: [0x0000000012260000, 0x0000000014260000)
 End Bits:   [0x0000000014260000, 0x0000000016260000)

Polling page: 0x0000000000980000

CodeCache: size=245760Kb used=10167Kb max_used=10167Kb free=235593Kb
 bounds [0x00000000023e0000, 0x0000000002de0000, 0x00000000113e0000]
 total_blobs=3331 nmethods=2648 adapters=596
 compilation: enabled

Compilation events (10 events):
Event: 7.343 Thread 0x000000001703d000 2650       4       java.util.Collections$UnmodifiableCollection$1::hasNext (10 bytes)
Event: 7.343 Thread 0x000000001703d000 nmethod 2650 0x0000000002dc5fd0 code [0x0000000002dc6100, 0x0000000002dc6178]
Event: 7.344 Thread 0x000000001703d000 2654       4       org.objectweb.asm.SymbolTable::put (150 bytes)
Event: 7.349 Thread 0x000000001703d000 nmethod 2654 0x0000000002dc7250 code [0x0000000002dc73a0, 0x0000000002dc7738]
Event: 7.349 Thread 0x000000001703d000 2655       4       org.objectweb.asm.Frame::execute (2318 bytes)
Event: 7.368 Thread 0x0000000017045000 2657       3       sun.reflect.annotation.AnnotationInvocationHandler::invoke (277 bytes)
Event: 7.369 Thread 0x0000000017045000 nmethod 2657 0x0000000002dcb0d0 code [0x0000000002dcb3c0, 0x0000000002dcc9b8]
Event: 7.369 Thread 0x0000000017045000 2658       3       org.gradle.internal.instantiation.generator.AbstractClassGenerator$ExtensibleTypePropertyHandler::unclaimed (64 bytes)
Event: 7.370 Thread 0x0000000017045000 nmethod 2658 0x0000000002dc65d0 code [0x0000000002dc67a0, 0x0000000002dc6f88]
Event: 7.370 Thread 0x0000000017045000 2659       3       org.objectweb.asm.SymbolTable::addConstant (330 bytes)

GC Heap History (10 events):
Event: 5.450 GC heap before
{Heap before GC invocations=7 (full 0):
 PSYoungGen      total 76288K, used 9814K [0x00000000d5580000, 0x00000000dab80000, 0x0000000100000000)
  eden space 66048K, 1% used [0x00000000d5580000,0x00000000d56b8568,0x00000000d9600000)
  from space 10240K, 83% used [0x00000000da080000,0x00000000da8dd4d0,0x00000000daa80000)
  to   space 10752K, 0% used [0x00000000d9600000,0x00000000d9600000,0x00000000da080000)
 ParOldGen       total 87552K, used 6466K [0x0000000080000000, 0x0000000085580000, 0x00000000d5580000)
  object space 87552K, 7% used [0x0000000080000000,0x00000000806509f0,0x0000000085580000)
 Metaspace       used 20581K, capacity 21220K, committed 21296K, reserved 1067008K
  class space    used 2875K, capacity 3076K, committed 3120K, reserved 1048576K
Event: 5.460 GC heap after
Heap after GC invocations=7 (full 0):
 PSYoungGen      total 76800K, used 3748K [0x00000000d5580000, 0x00000000dab80000, 0x0000000100000000)
  eden space 66048K, 0% used [0x00000000d5580000,0x00000000d5580000,0x00000000d9600000)
  from space 10752K, 34% used [0x00000000d9600000,0x00000000d99a9050,0x00000000da080000)
  to   space 10240K, 0% used [0x00000000da080000,0x00000000da080000,0x00000000daa80000)
 ParOldGen       total 87552K, used 8726K [0x0000000080000000, 0x0000000085580000, 0x00000000d5580000)
  object space 87552K, 9% used [0x0000000080000000,0x0000000080885a50,0x0000000085580000)
 Metaspace       used 20581K, capacity 21220K, committed 21296K, reserved 1067008K
  class space    used 2875K, capacity 3076K, committed 3120K, reserved 1048576K
}
Event: 5.460 GC heap before
{Heap before GC invocations=8 (full 1):
 PSYoungGen      total 76800K, used 3748K [0x00000000d5580000, 0x00000000dab80000, 0x0000000100000000)
  eden space 66048K, 0% used [0x00000000d5580000,0x00000000d5580000,0x00000000d9600000)
  from space 10752K, 34% used [0x00000000d9600000,0x00000000d99a9050,0x00000000da080000)
  to   space 10240K, 0% used [0x00000000da080000,0x00000000da080000,0x00000000daa80000)
 ParOldGen       total 87552K, used 8726K [0x0000000080000000, 0x0000000085580000, 0x00000000d5580000)
  object space 87552K, 9% used [0x0000000080000000,0x0000000080885a50,0x0000000085580000)
 Metaspace       used 20581K, capacity 21220K, committed 21296K, reserved 1067008K
  class space    used 2875K, capacity 3076K, committed 3120K, reserved 1048576K
Event: 5.529 GC heap after
Heap after GC invocations=8 (full 1):
 PSYoungGen      total 76800K, used 0K [0x00000000d5580000, 0x00000000dab80000, 0x0000000100000000)
  eden space 66048K, 0% used [0x00000000d5580000,0x00000000d5580000,0x00000000d9600000)
  from space 10752K, 0% used [0x00000000d9600000,0x00000000d9600000,0x00000000da080000)
  to   space 10240K, 0% used [0x00000000da080000,0x00000000da080000,0x00000000daa80000)
 ParOldGen       total 47616K, used 6676K [0x0000000080000000, 0x0000000082e80000, 0x00000000d5580000)
  object space 47616K, 14% used [0x0000000080000000,0x0000000080685250,0x0000000082e80000)
 Metaspace       used 20581K, capacity 21220K, committed 21296K, reserved 1067008K
  class space    used 2875K, capacity 3076K, committed 3120K, reserved 1048576K
}
Event: 6.569 GC heap before
{Heap before GC invocations=9 (full 1):
 PSYoungGen      total 76800K, used 66048K [0x00000000d5580000, 0x00000000dab80000, 0x0000000100000000)
  eden space 66048K, 100% used [0x00000000d5580000,0x00000000d9600000,0x00000000d9600000)
  from space 10752K, 0% used [0x00000000d9600000,0x00000000d9600000,0x00000000da080000)
  to   space 10240K, 0% used [0x00000000da080000,0x00000000da080000,0x00000000daa80000)
 ParOldGen       total 47616K, used 6676K [0x0000000080000000, 0x0000000082e80000, 0x00000000d5580000)
  object space 47616K, 14% used [0x0000000080000000,0x0000000080685250,0x0000000082e80000)
 Metaspace       used 28924K, capacity 29792K, committed 29872K, reserved 1075200K
  class space    used 4006K, capacity 4261K, committed 4272K, reserved 1048576K
Event: 6.578 GC heap after
Heap after GC invocations=9 (full 1):
 PSYoungGen      total 75776K, used 8660K [0x00000000d5580000, 0x00000000de500000, 0x0000000100000000)
  eden space 65536K, 0% used [0x00000000d5580000,0x00000000d5580000,0x00000000d9580000)
  from space 10240K, 84% used [0x00000000da080000,0x00000000da8f5360,0x00000000daa80000)
  to   space 11264K, 0% used [0x00000000d9580000,0x00000000d9580000,0x00000000da080000)
 ParOldGen       total 47616K, used 6684K [0x0000000080000000, 0x0000000082e80000, 0x00000000d5580000)
  object space 47616K, 14% used [0x0000000080000000,0x0000000080687250,0x0000000082e80000)
 Metaspace       used 28924K, capacity 29792K, committed 29872K, reserved 1075200K
  class space    used 4006K, capacity 4261K, committed 4272K, reserved 1048576K
}
Event: 7.231 GC heap before
{Heap before GC invocations=10 (full 1):
 PSYoungGen      total 75776K, used 66995K [0x00000000d5580000, 0x00000000de500000, 0x0000000100000000)
  eden space 65536K, 89% used [0x00000000d5580000,0x00000000d8e779d8,0x00000000d9580000)
  from space 10240K, 84% used [0x00000000da080000,0x00000000da8f5360,0x00000000daa80000)
  to   space 11264K, 0% used [0x00000000d9580000,0x00000000d9580000,0x00000000da080000)
 ParOldGen       total 47616K, used 6684K [0x0000000080000000, 0x0000000082e80000, 0x00000000d5580000)
  object space 47616K, 14% used [0x0000000080000000,0x0000000080687250,0x0000000082e80000)
 Metaspace       used 32601K, capacity 33632K, committed 33712K, reserved 1083392K
  class space    used 4447K, capacity 4718K, committed 4784K, reserved 1048576K
Event: 7.243 GC heap after
Heap after GC invocations=10 (full 1):
 PSYoungGen      total 76800K, used 8675K [0x00000000d5580000, 0x00000000dcd80000, 0x0000000100000000)
  eden space 65536K, 0% used [0x00000000d5580000,0x00000000d5580000,0x00000000d9580000)
  from space 11264K, 77% used [0x00000000d9580000,0x00000000d9df8cf0,0x00000000da080000)
  to   space 11776K, 0% used [0x00000000dc200000,0x00000000dc200000,0x00000000dcd80000)
 ParOldGen       total 47616K, used 6692K [0x0000000080000000, 0x0000000082e80000, 0x00000000d5580000)
  object space 47616K, 14% used [0x0000000080000000,0x0000000080689250,0x0000000082e80000)
 Metaspace       used 32601K, capacity 33632K, committed 33712K, reserved 1083392K
  class space    used 4447K, capacity 4718K, committed 4784K, reserved 1048576K
}
Event: 7.243 GC heap before
{Heap before GC invocations=11 (full 2):
 PSYoungGen      total 76800K, used 8675K [0x00000000d5580000, 0x00000000dcd80000, 0x0000000100000000)
  eden space 65536K, 0% used [0x00000000d5580000,0x00000000d5580000,0x00000000d9580000)
  from space 11264K, 77% used [0x00000000d9580000,0x00000000d9df8cf0,0x00000000da080000)
  to   space 11776K, 0% used [0x00000000dc200000,0x00000000dc200000,0x00000000dcd80000)
 ParOldGen       total 47616K, used 6692K [0x0000000080000000, 0x0000000082e80000, 0x00000000d5580000)
  object space 47616K, 14% used [0x0000000080000000,0x0000000080689250,0x0000000082e80000)
 Metaspace       used 32601K, capacity 33632K, committed 33712K, reserved 1083392K
  class space    used 4447K, capacity 4718K, committed 4784K, reserved 1048576K
Event: 7.328 GC heap after
Heap after GC invocations=11 (full 2):
 PSYoungGen      total 76800K, used 0K [0x00000000d5580000, 0x00000000dcd80000, 0x0000000100000000)
  eden space 65536K, 0% used [0x00000000d5580000,0x00000000d5580000,0x00000000d9580000)
  from space 11264K, 0% used [0x00000000d9580000,0x00000000d9580000,0x00000000da080000)
  to   space 11776K, 0% used [0x00000000dc200000,0x00000000dc200000,0x00000000dcd80000)
 ParOldGen       total 66560K, used 14945K [0x0000000080000000, 0x0000000084100000, 0x00000000d5580000)
  object space 66560K, 22% used [0x0000000080000000,0x0000000080e98460,0x0000000084100000)
 Metaspace       used 32601K, capacity 33632K, committed 33712K, reserved 1081344K
  class space    used 4447K, capacity 4718K, committed 4784K, reserved 1048576K
}

Deoptimization events (10 events):
Event: 6.537 Thread 0x000000001a9c6000 Uncommon trap: reason=unstable_if action=reinterpret pc=0x00000000028f3474 method=java.lang.ClassLoader.getClassLoadingLock(Ljava/lang/String;)Ljava/lang/Object; @ 6
Event: 6.579 Thread 0x0000000017019000 Uncommon trap: reason=unstable_if action=reinterpret pc=0x00000000029224bc method=java.lang.ref.Reference.tryHandlePending(Z)Z @ 104
Event: 6.883 Thread 0x000000001a9c6000 Uncommon trap: reason=unstable_if action=reinterpret pc=0x00000000029ceb7c method=java.util.HashMap.getNode(ILjava/lang/Object;)Ljava/util/HashMap$Node; @ 53
Event: 6.979 Thread 0x000000001a9c6000 Uncommon trap: reason=unstable_if action=reinterpret pc=0x0000000002bd8484 method=org.gradle.internal.reflect.PropertyAccessorType.isGetGetterName(Ljava/lang/String;)Z @ 14
Event: 7.015 Thread 0x000000001a9c6000 Uncommon trap: reason=unstable_if action=reinterpret pc=0x0000000002ad4700 method=org.objectweb.asm.ByteVector.putShort(I)Lorg/objectweb/asm/ByteVector; @ 13
Event: 7.106 Thread 0x000000001aa5f000 Uncommon trap: reason=bimorphic action=maybe_recompile pc=0x0000000002b86424 method=java.io.BufferedInputStream.read([BII)I @ 101
Event: 7.107 Thread 0x000000001aa5f000 Uncommon trap: reason=bimorphic action=maybe_recompile pc=0x0000000002b86424 method=java.io.BufferedInputStream.read([BII)I @ 101
Event: 7.108 Thread 0x000000001aa5f000 Uncommon trap: reason=bimorphic action=maybe_recompile pc=0x0000000002b86424 method=java.io.BufferedInputStream.read([BII)I @ 101
Event: 7.112 Thread 0x000000001a9c6000 Uncommon trap: reason=unstable_if action=reinterpret pc=0x00000000029fda18 method=java.net.URLClassLoader.defineClass(Ljava/lang/String;Lsun/misc/Resource;)Ljava/lang/Class; @ 21
Event: 7.185 Thread 0x000000001a9c6000 Uncommon trap: reason=unstable_if action=reinterpret pc=0x0000000002d959c8 method=org.codehaus.groovy.runtime.metaclass.MetaMethodIndex.addMethodToList(Ljava/lang/Object;Lgroovy/lang/MetaMethod;)Ljava/lang/Object; @ 226

Classes redefined (0 events):
No events

Internal exceptions (10 events):
Event: 7.209 Thread 0x000000001a9c6000 Exception <a 'java/lang/ClassNotFoundException': org/gradle/api/internal/DefaultNamedDomainObjectCollectionBeanInfo> (0x00000000d8abdf30) thrown at [C:\src\AOSP-openjdk-git\hotspot\src\share\vm\classfile\systemDictionary.cpp, line 210]
Event: 7.210 Thread 0x000000001a9c6000 Exception <a 'java/lang/ClassNotFoundException': org/gradle/api/internal/DefaultDomainObjectCollectionBeanInfo> (0x00000000d8af2370) thrown at [C:\src\AOSP-openjdk-git\hotspot\src\share\vm\classfile\systemDictionary.cpp, line 210]
Event: 7.210 Thread 0x000000001a9c6000 Exception <a 'java/lang/ClassNotFoundException': java/util/AbstractCollectionBeanInfo> (0x00000000d8af6b40) thrown at [C:\src\AOSP-openjdk-git\hotspot\src\share\vm\classfile\systemDictionary.cpp, line 210]
Event: 7.211 Thread 0x000000001a9c6000 Exception <a 'java/lang/ClassNotFoundException': java/util/AbstractCollectionCustomizer> (0x00000000d8afb2a8) thrown at [C:\src\AOSP-openjdk-git\hotspot\src\share\vm\classfile\systemDictionary.cpp, line 210]
Event: 7.213 Thread 0x000000001a9c6000 Exception <a 'java/lang/ClassNotFoundException': org/gradle/api/internal/DefaultDomainObjectCollectionCustomizer> (0x00000000d8b3b1d8) thrown at [C:\src\AOSP-openjdk-git\hotspot\src\share\vm\classfile\systemDictionary.cpp, line 210]
Event: 7.215 Thread 0x000000001a9c6000 Exception <a 'java/lang/ClassNotFoundException': org/gradle/api/internal/DefaultNamedDomainObjectCollectionCustomizer> (0x00000000d8b99588) thrown at [C:\src\AOSP-openjdk-git\hotspot\src\share\vm\classfile\systemDictionary.cpp, line 210]
Event: 7.220 Thread 0x000000001a9c6000 Exception <a 'java/lang/ClassNotFoundException': org/gradle/api/internal/DefaultNamedDomainObjectListCustomizer> (0x00000000d8c0dea8) thrown at [C:\src\AOSP-openjdk-git\hotspot\src\share\vm\classfile\systemDictionary.cpp, line 210]
Event: 7.223 Thread 0x000000001a9c6000 Exception <a 'java/lang/ClassNotFoundException': org/gradle/api/internal/artifacts/DefaultArtifactRepositoryContainerCustomizer> (0x00000000d8c82cc8) thrown at [C:\src\AOSP-openjdk-git\hotspot\src\share\vm\classfile\systemDictionary.cpp, line 210]
Event: 7.224 Thread 0x000000001a9c6000 Exception <a 'java/lang/ClassNotFoundException': org/gradle/api/internal/artifacts/dsl/DefaultRepositoryHandlerCustomizer> (0x00000000d8ce7fa8) thrown at [C:\src\AOSP-openjdk-git\hotspot\src\share\vm\classfile\systemDictionary.cpp, line 210]
Event: 7.227 Thread 0x000000001a9c6000 Exception <a 'java/lang/ClassNotFoundException': org/gradle/api/internal/artifacts/dsl/DefaultRepositoryHandler_DecoratedCustomizer> (0x00000000d8d6b860) thrown at [C:\src\AOSP-openjdk-git\hotspot\src\share\vm\classfile\systemDictionary.cpp, line 210]

Events (10 events):
Event: 7.364 loading class org/gradle/api/artifacts/repositories/PasswordCredentials
Event: 7.364 loading class org/gradle/api/artifacts/repositories/PasswordCredentials done
Event: 7.364 loading class org/gradle/api/credentials/PasswordCredentials
Event: 7.364 loading class org/gradle/api/credentials/PasswordCredentials done
Event: 7.364 loading class org/gradle/api/internal/artifacts/repositories/AuthenticationSupporter
Event: 7.364 loading class org/gradle/api/internal/artifacts/repositories/AuthenticationSupporter done
Event: 7.365 loading class org/gradle/internal/resolve/caching/ImplicitInputsCapturingInstantiator
Event: 7.365 loading class org/gradle/internal/resolve/caching/ImplicitInputsCapturingInstantiator done
Event: 7.366 loading class org/gradle/api/internal/artifacts/repositories/ArtifactResolutionDetails
Event: 7.367 loading class org/gradle/api/internal/artifacts/repositories/ArtifactResolutionDetails done


Dynamic libraries:
0x00007ff690200000 - 0x00007ff690231000 	C:\Program Files\Android\Android Studio\jre\bin\java.exe
0x00007ffe0f330000 - 0x00007ffe0f526000 	C:\WINDOWS\SYSTEM32\ntdll.dll
0x00007ffe0db50000 - 0x00007ffe0dc0d000 	C:\WINDOWS\System32\KERNEL32.DLL
0x00007ffe0cc10000 - 0x00007ffe0ced9000 	C:\WINDOWS\System32\KERNELBASE.dll
0x00007ffe0d890000 - 0x00007ffe0d93c000 	C:\WINDOWS\System32\ADVAPI32.dll
0x00007ffe0dcf0000 - 0x00007ffe0dd8e000 	C:\WINDOWS\System32\msvcrt.dll
0x00007ffe0ee00000 - 0x00007ffe0ee9c000 	C:\WINDOWS\System32\sechost.dll
0x00007ffe0f040000 - 0x00007ffe0f16b000 	C:\WINDOWS\System32\RPCRT4.dll
0x00007ffe0e780000 - 0x00007ffe0e920000 	C:\WINDOWS\System32\USER32.dll
0x00007ffe0cf10000 - 0x00007ffe0cf32000 	C:\WINDOWS\System32\win32u.dll
0x00007ffe0eea0000 - 0x00007ffe0eeca000 	C:\WINDOWS\System32\GDI32.dll
0x00007ffe0d220000 - 0x00007ffe0d32b000 	C:\WINDOWS\System32\gdi32full.dll
0x00007ffe0cb70000 - 0x00007ffe0cc0d000 	C:\WINDOWS\System32\msvcp_win.dll
0x00007ffe0ca70000 - 0x00007ffe0cb70000 	C:\WINDOWS\System32\ucrtbase.dll
0x00007ffdf42d0000 - 0x00007ffdf456b000 	C:\WINDOWS\WinSxS\amd64_microsoft.windows.common-controls_6595b64144ccf1df_6.0.19041.746_none_ca02b4b61b8320a4\COMCTL32.dll
0x00007ffe0d390000 - 0x00007ffe0d3c0000 	C:\WINDOWS\System32\IMM32.DLL
0x0000000077280000 - 0x0000000077352000 	C:\Program Files\Android\Android Studio\jre\jre\bin\msvcr100.dll
0x0000000077360000 - 0x0000000077bab000 	C:\Program Files\Android\Android Studio\jre\jre\bin\server\jvm.dll
0x00007ffe0ef80000 - 0x00007ffe0ef88000 	C:\WINDOWS\System32\PSAPI.DLL
0x00007ffe05010000 - 0x00007ffe0501a000 	C:\WINDOWS\SYSTEM32\VERSION.dll
0x00007ffe02a10000 - 0x00007ffe02a37000 	C:\WINDOWS\SYSTEM32\WINMM.dll
0x00007ffdeabc0000 - 0x00007ffdeabc9000 	C:\WINDOWS\SYSTEM32\WSOCK32.dll
0x00007ffe0e560000 - 0x00007ffe0e5cb000 	C:\WINDOWS\System32\ws2_32.DLL
0x00007ffddb9b0000 - 0x00007ffddb9bf000 	C:\Program Files\Android\Android Studio\jre\jre\bin\verify.dll
0x00007ffddb980000 - 0x00007ffddb9a9000 	C:\Program Files\Android\Android Studio\jre\jre\bin\java.dll
0x00007ffddb960000 - 0x00007ffddb976000 	C:\Program Files\Android\Android Studio\jre\jre\bin\zip.dll
0x00007ffe0dd90000 - 0x00007ffe0e4d2000 	C:\WINDOWS\System32\SHELL32.dll
0x00007ffe0abc0000 - 0x00007ffe0b350000 	C:\WINDOWS\SYSTEM32\windows.storage.dll
0x00007ffe0ea40000 - 0x00007ffe0ed96000 	C:\WINDOWS\System32\combase.dll
0x00007ffe0c400000 - 0x00007ffe0c42c000 	C:\WINDOWS\SYSTEM32\Wldp.dll
0x00007ffe0eed0000 - 0x00007ffe0ef7e000 	C:\WINDOWS\System32\SHCORE.dll
0x00007ffe0f290000 - 0x00007ffe0f2e5000 	C:\WINDOWS\System32\shlwapi.dll
0x00007ffe0c9a0000 - 0x00007ffe0c9c6000 	C:\WINDOWS\SYSTEM32\profapi.dll
0x00007ffddb940000 - 0x00007ffddb95a000 	C:\Program Files\Android\Android Studio\jre\jre\bin\net.dll
0x00007ffe0c180000 - 0x00007ffe0c1ea000 	C:\WINDOWS\system32\mswsock.dll
0x00007ffddb830000 - 0x00007ffddb843000 	C:\Program Files\Android\Android Studio\jre\jre\bin\nio.dll
0x00007ffe05a00000 - 0x00007ffe05a27000 	C:\Users\azrie\.gradle\native\f6784746aeab05261644944871eae4fe03e0ef1612fff0a4a95f87b438bc6780\windows-amd64\native-platform.dll
0x00007ffddb6a0000 - 0x00007ffddb6ad000 	C:\Program Files\Android\Android Studio\jre\jre\bin\management.dll
0x00007ffe0c360000 - 0x00007ffe0c378000 	C:\WINDOWS\SYSTEM32\CRYPTSP.dll
0x00007ffe0bb20000 - 0x00007ffe0bb54000 	C:\WINDOWS\system32\rsaenh.dll
0x00007ffe0cee0000 - 0x00007ffe0cf07000 	C:\WINDOWS\System32\bcrypt.dll
0x00007ffe0c960000 - 0x00007ffe0c98e000 	C:\WINDOWS\SYSTEM32\USERENV.dll
0x00007ffe0cf40000 - 0x00007ffe0cfc0000 	C:\WINDOWS\System32\bcryptprimitives.dll
0x00007ffe0c350000 - 0x00007ffe0c35c000 	C:\WINDOWS\SYSTEM32\CRYPTBASE.dll
0x00007ffe0be70000 - 0x00007ffe0beab000 	C:\WINDOWS\SYSTEM32\IPHLPAPI.DLL
0x00007ffe0db40000 - 0x00007ffe0db48000 	C:\WINDOWS\System32\NSI.dll
0x00007ffe046f0000 - 0x00007ffe04707000 	C:\WINDOWS\SYSTEM32\dhcpcsvc6.DLL
0x00007ffe04840000 - 0x00007ffe0485d000 	C:\WINDOWS\SYSTEM32\dhcpcsvc.DLL
0x00007ffe0beb0000 - 0x00007ffe0bf7b000 	C:\WINDOWS\SYSTEM32\DNSAPI.dll
0x00007ffe05d60000 - 0x00007ffe05d6b000 	C:\WINDOWS\SYSTEM32\WINNSI.DLL

VM Arguments:
jvm_args: -Xmx2048m -Dfile.encoding=UTF-8 -Duser.country=US -Duser.language=en -Duser.variant 
java_command: org.gradle.launcher.daemon.bootstrap.GradleDaemon 6.5
java_class_path (initial): C:\Users\azrie\.gradle\wrapper\dists\gradle-6.5-bin\6nifqtx7604sqp1q6g8wikw7p\gradle-6.5\lib\gradle-launcher-6.5.jar
Launcher Type: SUN_STANDARD

Environment Variables:
PATH=C:\Program Files (x86)\Common Files\Oracle\Java\javapath;C:\WINDOWS\system32;C:\WINDOWS;C:\WINDOWS\System32\Wbem;C:\WINDOWS\System32\WindowsPowerShell\v1.0\;C:\WINDOWS\System32\OpenSSH\;C:\Program Files\Git\cmd;C:\xampp\php;C:\ProgramData\ComposerSetup\bin;C:\Program Files\nodejs\;C:\Users\azrie\AppData\Local\Microsoft\WindowsApps;C:\Users\azrie\AppData\Roaming\Composer\vendor\bin;C:\Users\azrie\AppData\Roaming\npm;
USERNAME=azrie
OS=Windows_NT
PROCESSOR_IDENTIFIER=Intel64 Family 6 Model 78 Stepping 3, GenuineIntel



---------------  S Y S T E M  ---------------

OS: Windows 10.0 , 64 bit Build 19041 (10.0.19041.804)

CPU:total 4 (initial active 4) (2 cores per cpu, 2 threads per core) family 6 model 78 stepping 3, cmov, cx8, fxsr, mmx, sse, sse2, sse3, ssse3, sse4.1, sse4.2, popcnt, avx, avx2, aes, clmul, erms, 3dnowpref, lzcnt, ht, tsc, tscinvbit, bmi1, bmi2, adx

Memory: 4k page, physical 8308292k(670000k free), swap 12453444k(5824k free)

vm_info: OpenJDK 64-Bit Server VM (25.242-b01) for windows-amd64 JRE (1.8.0_242-release-1644-b01), built by "builder" with MS VC++ 10.0 (VS2010)

time: Wed Mar 10 15:10:15 2021
timezone: SE Asia Standard Time
elapsed time: 7 seconds (0d 0h 0m 7s)

